Copyright 1986-2019 Xilinx, Inc. All Rights Reserved.
------------------------------------------------------------------------------------
| Tool Version : Vivado v.2019.1 (win64) Build 2552052 Fri May 24 14:49:42 MDT 2019
| Date         : Sat Jan 16 19:02:41 2021
| Host         : LAPTOP-GBOUD091 running 64-bit major release  (build 9200)
| Command      : report_clock_utilization -file top_clock_utilization_routed.rpt
| Design       : top
| Device       : 7s100-fgga676
| Speed File   : -2  PRODUCTION 1.23 2018-06-13
| Design State : Routed
------------------------------------------------------------------------------------

Clock Utilization Report

Table of Contents
-----------------
1. Clock Primitive Utilization
2. Global Clock Resources
3. Global Clock Source Details
4. Local Clock Details
5. Clock Regions: Key Resource Utilization
6. Clock Regions : Global Clock Summary
7. Device Cell Placement Summary for Global Clock g0
8. Device Cell Placement Summary for Global Clock g1
9. Device Cell Placement Summary for Global Clock g2
10. Device Cell Placement Summary for Global Clock g3
11. Device Cell Placement Summary for Global Clock g4
12. Device Cell Placement Summary for Global Clock g5
13. Device Cell Placement Summary for Global Clock g6
14. Device Cell Placement Summary for Global Clock g7
15. Device Cell Placement Summary for Global Clock g8
16. Device Cell Placement Summary for Global Clock g9
17. Clock Region Cell Placement per Global Clock: Region X0Y0
18. Clock Region Cell Placement per Global Clock: Region X1Y0
19. Clock Region Cell Placement per Global Clock: Region X0Y1
20. Clock Region Cell Placement per Global Clock: Region X1Y1
21. Clock Region Cell Placement per Global Clock: Region X0Y2
22. Clock Region Cell Placement per Global Clock: Region X1Y2
23. Clock Region Cell Placement per Global Clock: Region X0Y3
24. Clock Region Cell Placement per Global Clock: Region X1Y3

1. Clock Primitive Utilization
------------------------------

+----------+------+-----------+-----+--------------+--------+
| Type     | Used | Available | LOC | Clock Region | Pblock |
+----------+------+-----------+-----+--------------+--------+
| BUFGCTRL |    9 |        32 |   0 |            0 |      0 |
| BUFH     |    1 |        96 |   0 |            0 |      0 |
| BUFIO    |    0 |        32 |   0 |            0 |      0 |
| BUFMR    |    0 |        16 |   0 |            0 |      0 |
| BUFR     |    0 |        32 |   0 |            0 |      0 |
| MMCM     |    3 |         8 |   1 |            0 |      0 |
| PLL      |    1 |         8 |   1 |            0 |      0 |
+----------+------+-----------+-----+--------------+--------+


2. Global Clock Resources
-------------------------

+-----------+-----------+-----------------+------------+----------------+--------------+-------------------+-------------+-----------------+--------------+-------------------------------+------------------------------------------------------------------------------------------+---------------------------------------------------------------------------------+
| Global Id | Source Id | Driver Type/Pin | Constraint | Site           | Clock Region | Load Clock Region | Clock Loads | Non-Clock Loads | Clock Period | Clock                         | Driver Pin                                                                               | Net                                                                             |
+-----------+-----------+-----------------+------------+----------------+--------------+-------------------+-------------+-----------------+--------------+-------------------------------+------------------------------------------------------------------------------------------+---------------------------------------------------------------------------------+
| g0        | src0      | BUFG/O          | None       | BUFGCTRL_X0Y0  | n/a          |                 8 |       29353 |               0 |        8.000 | clk_out1_lclk_adcclk_wiz      | LCLK_ADCCLK_WIZ_0/inst/clkout1_buf/O                                                     | LCLK_ADCCLK_WIZ_0/inst/clk_out1                                                 |
| g1        | src1      | BUFG/O          | None       | BUFGCTRL_X0Y16 | n/a          |                 3 |        4129 |               0 |       12.308 | clk_pll_i                     | DDR3_TRANSFER_0/MIG_7_SERIES/u_mig_7series_0_mig/u_ddr3_infrastructure/u_bufg_clkdiv0/O  | DDR3_TRANSFER_0/MIG_7_SERIES/u_mig_7series_0_mig/u_ddr3_infrastructure/CLK      |
| g2        | src2      | BUFG/O          | None       | BUFGCTRL_X0Y17 | n/a          |                 3 |         245 |               0 |        8.000 | clk_out3_idelay_discr_clk_wiz | IDELAY_DISCR_CLK_WIZ_0/inst/clkout3_buf/O                                                | IDELAY_DISCR_CLK_WIZ_0/inst/clk_out3                                            |
| g3        | src0      | BUFG/O          | None       | BUFGCTRL_X0Y1  | n/a          |                 4 |          96 |               0 |        2.667 | clk_out2_lclk_adcclk_wiz      | LCLK_ADCCLK_WIZ_0/inst/clkout2_buf/O                                                     | LCLK_ADCCLK_WIZ_0/inst/clk_out2                                                 |
| g4        | src2      | BUFG/O          | None       | BUFGCTRL_X0Y18 | n/a          |                 5 |          66 |               0 |        5.000 | clk_out1_idelay_discr_clk_wiz | IDELAY_DISCR_CLK_WIZ_0/inst/clkout1_buf/O                                                | IDELAY_DISCR_CLK_WIZ_0/inst/clk_out1                                            |
| g5        | src2      | BUFG/O          | None       | BUFGCTRL_X0Y19 | n/a          |                 2 |          49 |               0 |        2.000 | clk_out2_idelay_discr_clk_wiz | IDELAY_DISCR_CLK_WIZ_0/inst/clkout2_buf/O                                                | IDELAY_DISCR_CLK_WIZ_0/inst/clk_out2                                            |
| g6        | src3      | BUFH/O          | None       | BUFHCE_X1Y36   | X1Y3         |                 1 |           1 |               0 |       12.308 | pll_clk3_out                  | DDR3_TRANSFER_0/MIG_7_SERIES/u_mig_7series_0_mig/u_ddr3_infrastructure/u_bufh_pll_clk3/O | DDR3_TRANSFER_0/MIG_7_SERIES/u_mig_7series_0_mig/u_ddr3_infrastructure/pll_clk3 |
| g7        | src2      | BUFG/O          | None       | BUFGCTRL_X0Y20 | n/a          |                 1 |           1 |               0 |       10.000 | clk_out4_idelay_discr_clk_wiz | IDELAY_DISCR_CLK_WIZ_0/inst/clkout4_buf/O                                                | IDELAY_DISCR_CLK_WIZ_0/inst/clk_out4                                            |
| g8        | src2      | BUFG/O          | None       | BUFGCTRL_X0Y21 | n/a          |                 1 |           1 |               0 |       50.000 | clkfbout_idelay_discr_clk_wiz | IDELAY_DISCR_CLK_WIZ_0/inst/clkf_buf/O                                                   | IDELAY_DISCR_CLK_WIZ_0/inst/clkfbout_buf_idelay_discr_clk_wiz                   |
| g9        | src0      | BUFG/O          | None       | BUFGCTRL_X0Y2  | n/a          |                 1 |           1 |               0 |       50.000 | clkfbout_lclk_adcclk_wiz      | LCLK_ADCCLK_WIZ_0/inst/clkf_buf/O                                                        | LCLK_ADCCLK_WIZ_0/inst/clkfbout_buf_lclk_adcclk_wiz                             |
+-----------+-----------+-----------------+------------+----------------+--------------+-------------------+-------------+-----------------+--------------+-------------------------------+------------------------------------------------------------------------------------------+---------------------------------------------------------------------------------+
* Clock Loads column represents the clock pin loads (pin count)
** Non-Clock Loads column represents the non-clock pin loads (pin count)


3. Global Clock Source Details
------------------------------

+-----------+-----------+---------------------+-----------------+-----------------+--------------+-------------+-----------------+---------------------+-------------------------------+-------------------------------------------------------------------------------------------------+-------------------------------------------------------------------------------------+
| Source Id | Global Id | Driver Type/Pin     | Constraint      | Site            | Clock Region | Clock Loads | Non-Clock Loads | Source Clock Period | Source Clock                  | Driver Pin                                                                                      | Net                                                                                 |
+-----------+-----------+---------------------+-----------------+-----------------+--------------+-------------+-----------------+---------------------+-------------------------------+-------------------------------------------------------------------------------------------------+-------------------------------------------------------------------------------------+
| src0      | g0        | MMCME2_ADV/CLKOUT0  | None            | MMCME2_ADV_X1Y1 | X1Y1         |           1 |               0 |               8.000 | clk_out1_lclk_adcclk_wiz      | LCLK_ADCCLK_WIZ_0/inst/mmcm_adv_inst/CLKOUT0                                                    | LCLK_ADCCLK_WIZ_0/inst/clk_out1_lclk_adcclk_wiz                                     |
| src0      | g3        | MMCME2_ADV/CLKOUT1  | None            | MMCME2_ADV_X1Y1 | X1Y1         |           1 |               0 |               2.667 | clk_out2_lclk_adcclk_wiz      | LCLK_ADCCLK_WIZ_0/inst/mmcm_adv_inst/CLKOUT1                                                    | LCLK_ADCCLK_WIZ_0/inst/clk_out2_lclk_adcclk_wiz                                     |
| src0      | g9        | MMCME2_ADV/CLKFBOUT | None            | MMCME2_ADV_X1Y1 | X1Y1         |           1 |               0 |              50.000 | clkfbout_lclk_adcclk_wiz      | LCLK_ADCCLK_WIZ_0/inst/mmcm_adv_inst/CLKFBOUT                                                   | LCLK_ADCCLK_WIZ_0/inst/clkfbout_lclk_adcclk_wiz                                     |
| src1      | g1        | MMCME2_ADV/CLKFBOUT | MMCME2_ADV_X1Y3 | MMCME2_ADV_X1Y3 | X1Y3         |           1 |               0 |              12.308 | clk_pll_i                     | DDR3_TRANSFER_0/MIG_7_SERIES/u_mig_7series_0_mig/u_ddr3_infrastructure/gen_mmcm.mmcm_i/CLKFBOUT | DDR3_TRANSFER_0/MIG_7_SERIES/u_mig_7series_0_mig/u_ddr3_infrastructure/clk_pll_i    |
| src2      | g4        | MMCME2_ADV/CLKOUT0  | None            | MMCME2_ADV_X1Y2 | X1Y2         |           1 |               0 |               5.000 | clk_out1_idelay_discr_clk_wiz | IDELAY_DISCR_CLK_WIZ_0/inst/mmcm_adv_inst/CLKOUT0                                               | IDELAY_DISCR_CLK_WIZ_0/inst/clk_out1_idelay_discr_clk_wiz                           |
| src2      | g5        | MMCME2_ADV/CLKOUT1  | None            | MMCME2_ADV_X1Y2 | X1Y2         |           1 |               0 |               2.000 | clk_out2_idelay_discr_clk_wiz | IDELAY_DISCR_CLK_WIZ_0/inst/mmcm_adv_inst/CLKOUT1                                               | IDELAY_DISCR_CLK_WIZ_0/inst/clk_out2_idelay_discr_clk_wiz                           |
| src2      | g2        | MMCME2_ADV/CLKOUT2  | None            | MMCME2_ADV_X1Y2 | X1Y2         |           1 |               0 |               8.000 | clk_out3_idelay_discr_clk_wiz | IDELAY_DISCR_CLK_WIZ_0/inst/mmcm_adv_inst/CLKOUT2                                               | IDELAY_DISCR_CLK_WIZ_0/inst/clk_out3_idelay_discr_clk_wiz                           |
| src2      | g7        | MMCME2_ADV/CLKOUT3  | None            | MMCME2_ADV_X1Y2 | X1Y2         |           1 |               0 |              10.000 | clk_out4_idelay_discr_clk_wiz | IDELAY_DISCR_CLK_WIZ_0/inst/mmcm_adv_inst/CLKOUT3                                               | IDELAY_DISCR_CLK_WIZ_0/inst/clk_out4_idelay_discr_clk_wiz                           |
| src2      | g8        | MMCME2_ADV/CLKFBOUT | None            | MMCME2_ADV_X1Y2 | X1Y2         |           1 |               0 |              50.000 | clkfbout_idelay_discr_clk_wiz | IDELAY_DISCR_CLK_WIZ_0/inst/mmcm_adv_inst/CLKFBOUT                                              | IDELAY_DISCR_CLK_WIZ_0/inst/clkfbout_idelay_discr_clk_wiz                           |
| src3      | g6        | PLLE2_ADV/CLKOUT3   | PLLE2_ADV_X1Y3  | PLLE2_ADV_X1Y3  | X1Y3         |           1 |               0 |              12.308 | pll_clk3_out                  | DDR3_TRANSFER_0/MIG_7_SERIES/u_mig_7series_0_mig/u_ddr3_infrastructure/plle2_i/CLKOUT3          | DDR3_TRANSFER_0/MIG_7_SERIES/u_mig_7series_0_mig/u_ddr3_infrastructure/pll_clk3_out |
+-----------+-----------+---------------------+-----------------+-----------------+--------------+-------------+-----------------+---------------------+-------------------------------+-------------------------------------------------------------------------------------------------+-------------------------------------------------------------------------------------+
* Clock Loads column represents the clock pin loads (pin count)
** Non-Clock Loads column represents the non-clock pin loads (pin count)


4. Local Clock Details
----------------------

+----------+----------------------------+----------------------+-------------------------------------+--------------+-------------+-----------------+--------------+---------------+-----------------------------------------------------------------------------------------------------------------------------------------------------------------------------------------------------------------------+--------------------------------------------------------------------------------------------------------------------------------------------------------------------------------------------------------------------+
| Local Id | Driver Type/Pin            | Constraint           | Site/BEL                            | Clock Region | Clock Loads | Non-Clock Loads | Clock Period | Clock         | Driver Pin                                                                                                                                                                                                            | Net                                                                                                                                                                                                                |
+----------+----------------------------+----------------------+-------------------------------------+--------------+-------------+-----------------+--------------+---------------+-----------------------------------------------------------------------------------------------------------------------------------------------------------------------------------------------------------------------+--------------------------------------------------------------------------------------------------------------------------------------------------------------------------------------------------------------------||
| 0        | PLLE2_ADV/CLKOUT0          | PLLE2_ADV_X1Y3       | PLLE2_ADV_X1Y3/PLLE2_ADV            | X1Y3         |           5 |               2 |        1.538 | freq_refclk   | DDR3_TRANSFER_0/MIG_7_SERIES/u_mig_7series_0_mig/u_ddr3_infrastructure/plle2_i/CLKOUT0                                                                                                                                | DDR3_TRANSFER_0/MIG_7_SERIES/u_mig_7series_0_mig/u_ddr3_infrastructure/freq_refclk                                                                                                                                 - Static -
| 1        | PHASER_OUT_PHY/OCLKDELAYED | PHASER_OUT_PHY_X1Y14 | PHASER_OUT_PHY_X1Y14/PHASER_OUT_PHY | X1Y3         |           2 |               0 |        3.077 | oserdes_clk_2 | DDR3_TRANSFER_0/MIG_7_SERIES/u_mig_7series_0_mig/u_memc_ui_top_std/mem_intfc0/ddr_phy_top0/u_ddr_mc_phy_wrapper/u_ddr_mc_phy/ddr_phy_4lanes_0.u_ddr_phy_4lanes/ddr_byte_lane_C.ddr_byte_lane_C/phaser_out/OCLKDELAYED | DDR3_TRANSFER_0/MIG_7_SERIES/u_mig_7series_0_mig/u_memc_ui_top_std/mem_intfc0/ddr_phy_top0/u_ddr_mc_phy_wrapper/u_ddr_mc_phy/ddr_phy_4lanes_0.u_ddr_phy_4lanes/ddr_byte_lane_C.ddr_byte_lane_C/oserdes_clk_delayed - Static -
| 2        | PHASER_OUT_PHY/OCLKDELAYED | PHASER_OUT_PHY_X1Y15 | PHASER_OUT_PHY_X1Y15/PHASER_OUT_PHY | X1Y3         |           2 |               0 |        3.077 | oserdes_clk_3 | DDR3_TRANSFER_0/MIG_7_SERIES/u_mig_7series_0_mig/u_memc_ui_top_std/mem_intfc0/ddr_phy_top0/u_ddr_mc_phy_wrapper/u_ddr_mc_phy/ddr_phy_4lanes_0.u_ddr_phy_4lanes/ddr_byte_lane_D.ddr_byte_lane_D/phaser_out/OCLKDELAYED | DDR3_TRANSFER_0/MIG_7_SERIES/u_mig_7series_0_mig/u_memc_ui_top_std/mem_intfc0/ddr_phy_top0/u_ddr_mc_phy_wrapper/u_ddr_mc_phy/ddr_phy_4lanes_0.u_ddr_phy_4lanes/ddr_byte_lane_D.ddr_byte_lane_D/oserdes_clk_delayed - Static -
| 3        | PLLE2_ADV/CLKOUT1          | PLLE2_ADV_X1Y3       | PLLE2_ADV_X1Y3/PLLE2_ADV            | X1Y3         |           1 |               6 |        3.077 | mem_refclk    | DDR3_TRANSFER_0/MIG_7_SERIES/u_mig_7series_0_mig/u_ddr3_infrastructure/plle2_i/CLKOUT1                                                                                                                                | DDR3_TRANSFER_0/MIG_7_SERIES/u_mig_7series_0_mig/u_ddr3_infrastructure/mem_refclk                                                                                                                                  - Static -
+----------+----------------------------+----------------------+-------------------------------------+--------------+-------------+-----------------+--------------+---------------+-----------------------------------------------------------------------------------------------------------------------------------------------------------------------------------------------------------------------+--------------------------------------------------------------------------------------------------------------------------------------------------------------------------------------------------------------------||
* Local Clocks in this context represents only clocks driven by non-global buffers
** Clock Loads column represents the clock pin loads (pin count)
*** Non-Clock Loads column represents the non-clock pin loads (pin count)


5. Clock Regions: Key Resource Utilization
------------------------------------------

+-------------------+--------------+--------------+--------------+--------------+--------------+--------------+--------------+--------------+--------------+--------------+--------------+--------------+--------------+--------------+--------------+
|                   | Global Clock |     BUFRs    |    BUFMRs    |    BUFIOs    |     MMCM     |      PLL     |      GT      |      PCI     |    ILOGIC    |    OLOGIC    |      FF      |     LUTM     |    RAMB18    |    RAMB36    |    DSP48E2   |
+-------------------+------+-------+------+-------+------+-------+------+-------+------+-------+------+-------+------+-------+------+-------+------+-------+------+-------+------+-------+------+-------+------+-------+------+-------+------+-------+
| Clock Region Name | Used | Avail | Used | Avail | Used | Avail | Used | Avail | Used | Avail | Used | Avail | Used | Avail | Used | Avail | Used | Avail | Used | Avail | Used | Avail | Used | Avail | Used | Avail | Used | Avail | Used | Avail |
+-------------------+------+-------+------+-------+------+-------+------+-------+------+-------+------+-------+------+-------+------+-------+------+-------+------+-------+------+-------+------+-------+------+-------+------+-------+------+-------+
| X0Y0              |    3 |    12 |    0 |     4 |    0 |     2 |    0 |     4 |    0 |     1 |    0 |     1 |    0 |     0 |    0 |     0 |   16 |    50 |    4 |    50 | 5085 |  2400 | 1397 |   550 |    0 |    20 |   10 |    10 |    0 |    20 |
| X1Y0              |    3 |    12 |    0 |     4 |    0 |     2 |    0 |     4 |    0 |     1 |    0 |     1 |    0 |     0 |    0 |     0 |   24 |    50 |    0 |    50 | 4382 |  1900 | 1385 |   550 |    0 |    40 |   20 |    20 |    0 |    20 |
| X0Y1              |    3 |    12 |    0 |     4 |    0 |     2 |    0 |     4 |    0 |     1 |    0 |     1 |    0 |     0 |    0 |     0 |    8 |    50 |    2 |    50 | 4152 |  1800 | 1423 |   550 |    0 |    20 |    9 |    10 |    0 |    20 |
| X1Y1              |    4 |    12 |    0 |     4 |    0 |     2 |    0 |     4 |    1 |     1 |    0 |     1 |    0 |     0 |    0 |     0 |    0 |    50 |    1 |    50 | 4036 |  1900 | 1176 |   550 |    0 |    40 |    9 |    20 |    0 |    20 |
| X0Y2              |    5 |    12 |    0 |     4 |    0 |     2 |    0 |     4 |    0 |     1 |    0 |     1 |    0 |     0 |    0 |     0 |   16 |    50 |    4 |    50 | 4147 |  1800 | 1298 |   550 |    0 |    20 |    1 |    10 |    0 |    20 |
| X1Y2              |    2 |    12 |    0 |     4 |    0 |     2 |    0 |     4 |    1 |     1 |    0 |     1 |    0 |     0 |    0 |     0 |    0 |    50 |    0 |    50 | 4033 |  1900 | 1173 |   550 |    0 |    40 |    2 |    20 |    0 |    20 |
| X0Y3              |    4 |    12 |    0 |     4 |    0 |     2 |    0 |     4 |    0 |     1 |    0 |     1 |    0 |     0 |    0 |     0 |    8 |    50 |    2 |    50 | 3158 |  2400 |  718 |   550 |    0 |    20 |    3 |    10 |    0 |    20 |
| X1Y3              |    5 |    12 |    0 |     4 |    0 |     2 |    0 |     4 |    1 |     1 |    1 |     1 |    0 |     0 |    0 |     0 |    0 |    50 |    4 |    50 | 4266 |  1900 | 1115 |   550 |    0 |    40 |    6 |    20 |    0 |    20 |
+-------------------+------+-------+------+-------+------+-------+------+-------+------+-------+------+-------+------+-------+------+-------+------+-------+------+-------+------+-------+------+-------+------+-------+------+-------+------+-------+
* Global Clock column represents track count; while other columns represents cell counts


6. Clock Regions : Global Clock Summary
---------------------------------------

All Modules
+----+----+----+
|    | X0 | X1 |
+----+----+----+
| Y3 |  4 |  5 |
| Y2 |  5 |  2 |
| Y1 |  3 |  4 |
| Y0 |  3 |  3 |
+----+----+----+


7. Device Cell Placement Summary for Global Clock g0
----------------------------------------------------

+-----------+-----------------+-------------------+--------------------------+-------------+---------------+-------------+----------+----------------+----------+---------------------------------+
| Global Id | Driver Type/Pin | Driver Region (D) | Clock                    | Period (ns) | Waveform (ns) | Slice Loads | IO Loads | Clocking Loads | GT Loads | Net                             |
+-----------+-----------------+-------------------+--------------------------+-------------+---------------+-------------+----------+----------------+----------+---------------------------------+
| g0        | BUFG/O          | n/a               | clk_out1_lclk_adcclk_wiz |       8.000 | {0.000 4.000} |       29155 |       48 |              0 |        0 | LCLK_ADCCLK_WIZ_0/inst/clk_out1 |
+-----------+-----------------+-------------------+--------------------------+-------------+---------------+-------------+----------+----------------+----------+---------------------------------+
* Slice Loads column represents load cell count of all cell types other than IO, GT and clock resources
** IO Loads column represents load cell count of IO types
*** Clocking Loads column represents load cell count that are clock resources (global clock buffer, MMCM, PLL, etc)
**** GT Loads column represents load cell count of GT types


+----+-------+-------+
|    | X0    | X1    |
+----+-------+-------+
| Y3 |  1978 |  1567 |
| Y2 |  4084 |  4035 |
| Y1 |  4179 |  4019 |
| Y0 |  5131 |  4210 |
+----+-------+-------+


8. Device Cell Placement Summary for Global Clock g1
----------------------------------------------------

+-----------+-----------------+-------------------+-----------+-------------+---------------+-------------+----------+----------------+----------+----------------------------------------------------------------------------+
| Global Id | Driver Type/Pin | Driver Region (D) | Clock     | Period (ns) | Waveform (ns) | Slice Loads | IO Loads | Clocking Loads | GT Loads | Net                                                                        |
+-----------+-----------------+-------------------+-----------+-------------+---------------+-------------+----------+----------------+----------+----------------------------------------------------------------------------+
| g1        | BUFG/O          | n/a               | clk_pll_i |      12.308 | {0.000 6.154} |        3996 |        0 |              1 |        0 | DDR3_TRANSFER_0/MIG_7_SERIES/u_mig_7series_0_mig/u_ddr3_infrastructure/CLK |
+-----------+-----------------+-------------------+-----------+-------------+---------------+-------------+----------+----------------+----------+----------------------------------------------------------------------------+
* Slice Loads column represents load cell count of all cell types other than IO, GT and clock resources
** IO Loads column represents load cell count of IO types
*** Clocking Loads column represents load cell count that are clock resources (global clock buffer, MMCM, PLL, etc)
**** GT Loads column represents load cell count of GT types


+----+-------+-------+
|    | X0    | X1    |
+----+-------+-------+
| Y3 |  1174 |  2750 |
| Y2 |    73 |     0 |
| Y1 |     0 |     0 |
| Y0 |     0 |     0 |
+----+-------+-------+


9. Device Cell Placement Summary for Global Clock g2
----------------------------------------------------

+-----------+-----------------+-------------------+-------------------------------+-------------+---------------+-------------+----------+----------------+----------+--------------------------------------+
| Global Id | Driver Type/Pin | Driver Region (D) | Clock                         | Period (ns) | Waveform (ns) | Slice Loads | IO Loads | Clocking Loads | GT Loads | Net                                  |
+-----------+-----------------+-------------------+-------------------------------+-------------+---------------+-------------+----------+----------------+----------+--------------------------------------+
| g2        | BUFG/O          | n/a               | clk_out3_idelay_discr_clk_wiz |       8.000 | {0.000 4.000} |         220 |       25 |              0 |        0 | IDELAY_DISCR_CLK_WIZ_0/inst/clk_out3 |
+-----------+-----------------+-------------------+-------------------------------+-------------+---------------+-------------+----------+----------------+----------+--------------------------------------+
* Slice Loads column represents load cell count of all cell types other than IO, GT and clock resources
** IO Loads column represents load cell count of IO types
*** Clocking Loads column represents load cell count that are clock resources (global clock buffer, MMCM, PLL, etc)
**** GT Loads column represents load cell count of GT types


+----+----+------+
|    | X0 | X1   |
+----+----+------+
| Y3 |  0 |    0 |
| Y2 |  2 |    0 |
| Y1 |  0 |   27 |
| Y0 |  0 |  216 |
+----+----+------+


10. Device Cell Placement Summary for Global Clock g3
-----------------------------------------------------

+-----------+-----------------+-------------------+--------------------------+-------------+---------------+-------------+----------+----------------+----------+---------------------------------+
| Global Id | Driver Type/Pin | Driver Region (D) | Clock                    | Period (ns) | Waveform (ns) | Slice Loads | IO Loads | Clocking Loads | GT Loads | Net                             |
+-----------+-----------------+-------------------+--------------------------+-------------+---------------+-------------+----------+----------------+----------+---------------------------------+
| g3        | BUFG/O          | n/a               | clk_out2_lclk_adcclk_wiz |       2.667 | {0.000 1.333} |           0 |       48 |              0 |        0 | LCLK_ADCCLK_WIZ_0/inst/clk_out2 |
+-----------+-----------------+-------------------+--------------------------+-------------+---------------+-------------+----------+----------------+----------+---------------------------------+
* Slice Loads column represents load cell count of all cell types other than IO, GT and clock resources
** IO Loads column represents load cell count of IO types
*** Clocking Loads column represents load cell count that are clock resources (global clock buffer, MMCM, PLL, etc)
**** GT Loads column represents load cell count of GT types


+----+-----+----+
|    | X0  | X1 |
+----+-----+----+
| Y3 |   8 |  0 |
| Y2 |  16 |  0 |
| Y1 |   8 |  0 |
| Y0 |  16 |  0 |
+----+-----+----+


11. Device Cell Placement Summary for Global Clock g4
-----------------------------------------------------

+-----------+-----------------+-------------------+-------------------------------+-------------+---------------+-------------+----------+----------------+----------+--------------------------------------+
| Global Id | Driver Type/Pin | Driver Region (D) | Clock                         | Period (ns) | Waveform (ns) | Slice Loads | IO Loads | Clocking Loads | GT Loads | Net                                  |
+-----------+-----------------+-------------------+-------------------------------+-------------+---------------+-------------+----------+----------------+----------+--------------------------------------+
| g4        | BUFG/O          | n/a               | clk_out1_idelay_discr_clk_wiz |       5.000 | {0.000 2.500} |          66 |        0 |              0 |        0 | IDELAY_DISCR_CLK_WIZ_0/inst/clk_out1 |
+-----------+-----------------+-------------------+-------------------------------+-------------+---------------+-------------+----------+----------------+----------+--------------------------------------+
* Slice Loads column represents load cell count of all cell types other than IO, GT and clock resources
** IO Loads column represents load cell count of IO types
*** Clocking Loads column represents load cell count that are clock resources (global clock buffer, MMCM, PLL, etc)
**** GT Loads column represents load cell count of GT types


+----+-----+----+
|    | X0  | X1 |
+----+-----+----+
| Y3 |  36 |  1 |
| Y2 |  27 |  0 |
| Y1 |   1 |  0 |
| Y0 |   1 |  0 |
+----+-----+----+


12. Device Cell Placement Summary for Global Clock g5
-----------------------------------------------------

+-----------+-----------------+-------------------+-------------------------------+-------------+---------------+-------------+----------+----------------+----------+--------------------------------------+
| Global Id | Driver Type/Pin | Driver Region (D) | Clock                         | Period (ns) | Waveform (ns) | Slice Loads | IO Loads | Clocking Loads | GT Loads | Net                                  |
+-----------+-----------------+-------------------+-------------------------------+-------------+---------------+-------------+----------+----------------+----------+--------------------------------------+
| g5        | BUFG/O          | n/a               | clk_out2_idelay_discr_clk_wiz |       2.000 | {0.000 1.000} |           0 |       25 |              0 |        0 | IDELAY_DISCR_CLK_WIZ_0/inst/clk_out2 |
+-----------+-----------------+-------------------+-------------------------------+-------------+---------------+-------------+----------+----------------+----------+--------------------------------------+
* Slice Loads column represents load cell count of all cell types other than IO, GT and clock resources
** IO Loads column represents load cell count of IO types
*** Clocking Loads column represents load cell count that are clock resources (global clock buffer, MMCM, PLL, etc)
**** GT Loads column represents load cell count of GT types


+----+----+-----+
|    | X0 | X1  |
+----+----+-----+
| Y3 |  0 |   0 |
| Y2 |  0 |   0 |
| Y1 |  0 |   1 |
| Y0 |  0 |  24 |
+----+----+-----+


13. Device Cell Placement Summary for Global Clock g6
-----------------------------------------------------

+-----------+-----------------+-------------------+--------------+-------------+---------------+-------------+----------+----------------+----------+---------------------------------------------------------------------------------+
| Global Id | Driver Type/Pin | Driver Region (D) | Clock        | Period (ns) | Waveform (ns) | Slice Loads | IO Loads | Clocking Loads | GT Loads | Net                                                                             |
+-----------+-----------------+-------------------+--------------+-------------+---------------+-------------+----------+----------------+----------+---------------------------------------------------------------------------------+
| g6        | BUFH/O          | X1Y3              | pll_clk3_out |      12.308 | {0.000 6.154} |           0 |        0 |              1 |        0 | DDR3_TRANSFER_0/MIG_7_SERIES/u_mig_7series_0_mig/u_ddr3_infrastructure/pll_clk3 |
+-----------+-----------------+-------------------+--------------+-------------+---------------+-------------+----------+----------------+----------+---------------------------------------------------------------------------------+
* Slice Loads column represents load cell count of all cell types other than IO, GT and clock resources
** IO Loads column represents load cell count of IO types
*** Clocking Loads column represents load cell count that are clock resources (global clock buffer, MMCM, PLL, etc)
**** GT Loads column represents load cell count of GT types


+----+----+--------+
|    | X0 | X1     |
+----+----+--------+
| Y3 |  0 |  (D) 1 |
| Y2 |  0 |      0 |
| Y1 |  0 |      0 |
| Y0 |  0 |      0 |
+----+----+--------+


14. Device Cell Placement Summary for Global Clock g7
-----------------------------------------------------

+-----------+-----------------+-------------------+-------------------------------+-------------+---------------+-------------+----------+----------------+----------+--------------------------------------+
| Global Id | Driver Type/Pin | Driver Region (D) | Clock                         | Period (ns) | Waveform (ns) | Slice Loads | IO Loads | Clocking Loads | GT Loads | Net                                  |
+-----------+-----------------+-------------------+-------------------------------+-------------+---------------+-------------+----------+----------------+----------+--------------------------------------+
| g7        | BUFG/O          | n/a               | clk_out4_idelay_discr_clk_wiz |      10.000 | {0.000 5.000} |           0 |        0 |              1 |        0 | IDELAY_DISCR_CLK_WIZ_0/inst/clk_out4 |
+-----------+-----------------+-------------------+-------------------------------+-------------+---------------+-------------+----------+----------------+----------+--------------------------------------+
* Slice Loads column represents load cell count of all cell types other than IO, GT and clock resources
** IO Loads column represents load cell count of IO types
*** Clocking Loads column represents load cell count that are clock resources (global clock buffer, MMCM, PLL, etc)
**** GT Loads column represents load cell count of GT types


+----+----+----+
|    | X0 | X1 |
+----+----+----+
| Y3 |  0 |  1 |
| Y2 |  0 |  0 |
| Y1 |  0 |  0 |
| Y0 |  0 |  0 |
+----+----+----+


15. Device Cell Placement Summary for Global Clock g8
-----------------------------------------------------

+-----------+-----------------+-------------------+-------------------------------+-------------+----------------+-------------+----------+----------------+----------+---------------------------------------------------------------+
| Global Id | Driver Type/Pin | Driver Region (D) | Clock                         | Period (ns) | Waveform (ns)  | Slice Loads | IO Loads | Clocking Loads | GT Loads | Net                                                           |
+-----------+-----------------+-------------------+-------------------------------+-------------+----------------+-------------+----------+----------------+----------+---------------------------------------------------------------+
| g8        | BUFG/O          | n/a               | clkfbout_idelay_discr_clk_wiz |      50.000 | {0.000 25.000} |           0 |        0 |              1 |        0 | IDELAY_DISCR_CLK_WIZ_0/inst/clkfbout_buf_idelay_discr_clk_wiz |
+-----------+-----------------+-------------------+-------------------------------+-------------+----------------+-------------+----------+----------------+----------+---------------------------------------------------------------+
* Slice Loads column represents load cell count of all cell types other than IO, GT and clock resources
** IO Loads column represents load cell count of IO types
*** Clocking Loads column represents load cell count that are clock resources (global clock buffer, MMCM, PLL, etc)
**** GT Loads column represents load cell count of GT types


+----+----+----+
|    | X0 | X1 |
+----+----+----+
| Y3 |  0 |  0 |
| Y2 |  0 |  1 |
| Y1 |  0 |  0 |
| Y0 |  0 |  0 |
+----+----+----+


16. Device Cell Placement Summary for Global Clock g9
-----------------------------------------------------

+-----------+-----------------+-------------------+--------------------------+-------------+----------------+-------------+----------+----------------+----------+-----------------------------------------------------+
| Global Id | Driver Type/Pin | Driver Region (D) | Clock                    | Period (ns) | Waveform (ns)  | Slice Loads | IO Loads | Clocking Loads | GT Loads | Net                                                 |
+-----------+-----------------+-------------------+--------------------------+-------------+----------------+-------------+----------+----------------+----------+-----------------------------------------------------+
| g9        | BUFG/O          | n/a               | clkfbout_lclk_adcclk_wiz |      50.000 | {0.000 25.000} |           0 |        0 |              1 |        0 | LCLK_ADCCLK_WIZ_0/inst/clkfbout_buf_lclk_adcclk_wiz |
+-----------+-----------------+-------------------+--------------------------+-------------+----------------+-------------+----------+----------------+----------+-----------------------------------------------------+
* Slice Loads column represents load cell count of all cell types other than IO, GT and clock resources
** IO Loads column represents load cell count of IO types
*** Clocking Loads column represents load cell count that are clock resources (global clock buffer, MMCM, PLL, etc)
**** GT Loads column represents load cell count of GT types


+----+----+----+
|    | X0 | X1 |
+----+----+----+
| Y3 |  0 |  0 |
| Y2 |  0 |  0 |
| Y1 |  0 |  1 |
| Y0 |  0 |  0 |
+----+----+----+


17. Clock Region Cell Placement per Global Clock: Region X0Y0
-------------------------------------------------------------

+-----------+-------+-----------------+------------+-------------+-----------------+------+--------+------+-----+----+------+-----+---------+--------------------------------------+
| Global Id | Track | Driver Type/Pin | Constraint | Clock Loads | Non-Clock Loads | FF   | LUTRAM | RAMB | DSP | GT | MMCM | PLL | Hard IP | Net                                  |
+-----------+-------+-----------------+------------+-------------+-----------------+------+--------+------+-----+----+------+-----+---------+--------------------------------------+
| g0        | n/a   | BUFG/O          | None       |        5131 |               0 | 5085 |      0 |   10 |   0 |  0 |    0 |   0 |       0 | LCLK_ADCCLK_WIZ_0/inst/clk_out1      |
| g3        | n/a   | BUFG/O          | None       |          16 |               0 |    0 |      0 |    0 |   0 |  0 |    0 |   0 |       0 | LCLK_ADCCLK_WIZ_0/inst/clk_out2      |
| g4        | n/a   | BUFG/O          | None       |           1 |               0 |    0 |      0 |    0 |   0 |  0 |    0 |   0 |       0 | IDELAY_DISCR_CLK_WIZ_0/inst/clk_out1 |
+-----------+-------+-----------------+------------+-------------+-----------------+------+--------+------+-----+----+------+-----+---------+--------------------------------------+
* Clock Loads column represents the clock pin loads (pin count)
** Non-Clock Loads column represents the non-clock pin loads (pin count)
*** Columns FF, LUTRAM, RAMB through 'Hard IP' represents load cell counts


18. Clock Region Cell Placement per Global Clock: Region X1Y0
-------------------------------------------------------------

+-----------+-------+-----------------+------------+-------------+-----------------+------+--------+------+-----+----+------+-----+---------+--------------------------------------+
| Global Id | Track | Driver Type/Pin | Constraint | Clock Loads | Non-Clock Loads | FF   | LUTRAM | RAMB | DSP | GT | MMCM | PLL | Hard IP | Net                                  |
+-----------+-------+-----------------+------------+-------------+-----------------+------+--------+------+-----+----+------+-----+---------+--------------------------------------+
| g0        | n/a   | BUFG/O          | None       |        4210 |               0 | 4190 |      0 |   20 |   0 |  0 |    0 |   0 |       0 | LCLK_ADCCLK_WIZ_0/inst/clk_out1      |
| g2        | n/a   | BUFG/O          | None       |         216 |               0 |  192 |      0 |    0 |   0 |  0 |    0 |   0 |       0 | IDELAY_DISCR_CLK_WIZ_0/inst/clk_out3 |
| g5        | n/a   | BUFG/O          | None       |          24 |               0 |    0 |      0 |    0 |   0 |  0 |    0 |   0 |       0 | IDELAY_DISCR_CLK_WIZ_0/inst/clk_out2 |
+-----------+-------+-----------------+------------+-------------+-----------------+------+--------+------+-----+----+------+-----+---------+--------------------------------------+
* Clock Loads column represents the clock pin loads (pin count)
** Non-Clock Loads column represents the non-clock pin loads (pin count)
*** Columns FF, LUTRAM, RAMB through 'Hard IP' represents load cell counts


19. Clock Region Cell Placement per Global Clock: Region X0Y1
-------------------------------------------------------------

+-----------+-------+-----------------+------------+-------------+-----------------+------+--------+------+-----+----+------+-----+---------+--------------------------------------+
| Global Id | Track | Driver Type/Pin | Constraint | Clock Loads | Non-Clock Loads | FF   | LUTRAM | RAMB | DSP | GT | MMCM | PLL | Hard IP | Net                                  |
+-----------+-------+-----------------+------------+-------------+-----------------+------+--------+------+-----+----+------+-----+---------+--------------------------------------+
| g0        | n/a   | BUFG/O          | None       |        4179 |               0 | 4152 |      0 |    9 |   0 |  0 |    0 |   0 |       0 | LCLK_ADCCLK_WIZ_0/inst/clk_out1      |
| g3        | n/a   | BUFG/O          | None       |           8 |               0 |    0 |      0 |    0 |   0 |  0 |    0 |   0 |       0 | LCLK_ADCCLK_WIZ_0/inst/clk_out2      |
| g4        | n/a   | BUFG/O          | None       |           1 |               0 |    0 |      0 |    0 |   0 |  0 |    0 |   0 |       0 | IDELAY_DISCR_CLK_WIZ_0/inst/clk_out1 |
+-----------+-------+-----------------+------------+-------------+-----------------+------+--------+------+-----+----+------+-----+---------+--------------------------------------+
* Clock Loads column represents the clock pin loads (pin count)
** Non-Clock Loads column represents the non-clock pin loads (pin count)
*** Columns FF, LUTRAM, RAMB through 'Hard IP' represents load cell counts


20. Clock Region Cell Placement per Global Clock: Region X1Y1
-------------------------------------------------------------

+-----------+-------+-----------------+------------+-------------+-----------------+------+--------+------+-----+----+------+-----+---------+-----------------------------------------------------+
| Global Id | Track | Driver Type/Pin | Constraint | Clock Loads | Non-Clock Loads | FF   | LUTRAM | RAMB | DSP | GT | MMCM | PLL | Hard IP | Net                                                 |
+-----------+-------+-----------------+------------+-------------+-----------------+------+--------+------+-----+----+------+-----+---------+-----------------------------------------------------+
| g0        | n/a   | BUFG/O          | None       |        4019 |               0 | 4010 |      0 |    9 |   0 |  0 |    0 |   0 |       0 | LCLK_ADCCLK_WIZ_0/inst/clk_out1                     |
| g2        | n/a   | BUFG/O          | None       |          27 |               0 |   26 |      0 |    0 |   0 |  0 |    0 |   0 |       0 | IDELAY_DISCR_CLK_WIZ_0/inst/clk_out3                |
| g5        | n/a   | BUFG/O          | None       |           1 |               0 |    0 |      0 |    0 |   0 |  0 |    0 |   0 |       0 | IDELAY_DISCR_CLK_WIZ_0/inst/clk_out2                |
| g9        | n/a   | BUFG/O          | None       |           1 |               0 |    0 |      0 |    0 |   0 |  0 |    1 |   0 |       0 | LCLK_ADCCLK_WIZ_0/inst/clkfbout_buf_lclk_adcclk_wiz |
+-----------+-------+-----------------+------------+-------------+-----------------+------+--------+------+-----+----+------+-----+---------+-----------------------------------------------------+
* Clock Loads column represents the clock pin loads (pin count)
** Non-Clock Loads column represents the non-clock pin loads (pin count)
*** Columns FF, LUTRAM, RAMB through 'Hard IP' represents load cell counts


21. Clock Region Cell Placement per Global Clock: Region X0Y2
-------------------------------------------------------------

+-----------+-------+-----------------+------------+-------------+-----------------+------+--------+------+-----+----+------+-----+---------+----------------------------------------------------------------------------+
| Global Id | Track | Driver Type/Pin | Constraint | Clock Loads | Non-Clock Loads | FF   | LUTRAM | RAMB | DSP | GT | MMCM | PLL | Hard IP | Net                                                                        |
+-----------+-------+-----------------+------------+-------------+-----------------+------+--------+------+-----+----+------+-----+---------+----------------------------------------------------------------------------+
| g0        | n/a   | BUFG/O          | None       |        4084 |               0 | 4047 |      0 |    1 |   0 |  0 |    0 |   0 |       0 | LCLK_ADCCLK_WIZ_0/inst/clk_out1                                            |
| g1        | n/a   | BUFG/O          | None       |          73 |               0 |   73 |      0 |    0 |   0 |  0 |    0 |   0 |       0 | DDR3_TRANSFER_0/MIG_7_SERIES/u_mig_7series_0_mig/u_ddr3_infrastructure/CLK |
| g2        | n/a   | BUFG/O          | None       |           2 |               0 |    2 |      0 |    0 |   0 |  0 |    0 |   0 |       0 | IDELAY_DISCR_CLK_WIZ_0/inst/clk_out3                                       |
| g3        | n/a   | BUFG/O          | None       |          16 |               0 |    0 |      0 |    0 |   0 |  0 |    0 |   0 |       0 | LCLK_ADCCLK_WIZ_0/inst/clk_out2                                            |
| g4        | n/a   | BUFG/O          | None       |          27 |               0 |   25 |      0 |    0 |   0 |  0 |    0 |   0 |       0 | IDELAY_DISCR_CLK_WIZ_0/inst/clk_out1                                       |
+-----------+-------+-----------------+------------+-------------+-----------------+------+--------+------+-----+----+------+-----+---------+----------------------------------------------------------------------------+
* Clock Loads column represents the clock pin loads (pin count)
** Non-Clock Loads column represents the non-clock pin loads (pin count)
*** Columns FF, LUTRAM, RAMB through 'Hard IP' represents load cell counts


22. Clock Region Cell Placement per Global Clock: Region X1Y2
-------------------------------------------------------------

+-----------+-------+-----------------+------------+-------------+-----------------+------+--------+------+-----+----+------+-----+---------+---------------------------------------------------------------+
| Global Id | Track | Driver Type/Pin | Constraint | Clock Loads | Non-Clock Loads | FF   | LUTRAM | RAMB | DSP | GT | MMCM | PLL | Hard IP | Net                                                           |
+-----------+-------+-----------------+------------+-------------+-----------------+------+--------+------+-----+----+------+-----+---------+---------------------------------------------------------------+
| g0        | n/a   | BUFG/O          | None       |        4035 |               0 | 4033 |      0 |    2 |   0 |  0 |    0 |   0 |       0 | LCLK_ADCCLK_WIZ_0/inst/clk_out1                               |
| g8        | n/a   | BUFG/O          | None       |           1 |               0 |    0 |      0 |    0 |   0 |  0 |    1 |   0 |       0 | IDELAY_DISCR_CLK_WIZ_0/inst/clkfbout_buf_idelay_discr_clk_wiz |
+-----------+-------+-----------------+------------+-------------+-----------------+------+--------+------+-----+----+------+-----+---------+---------------------------------------------------------------+
* Clock Loads column represents the clock pin loads (pin count)
** Non-Clock Loads column represents the non-clock pin loads (pin count)
*** Columns FF, LUTRAM, RAMB through 'Hard IP' represents load cell counts


23. Clock Region Cell Placement per Global Clock: Region X0Y3
-------------------------------------------------------------

+-----------+-------+-----------------+------------+-------------+-----------------+------+--------+------+-----+----+------+-----+---------+----------------------------------------------------------------------------+
| Global Id | Track | Driver Type/Pin | Constraint | Clock Loads | Non-Clock Loads | FF   | LUTRAM | RAMB | DSP | GT | MMCM | PLL | Hard IP | Net                                                                        |
+-----------+-------+-----------------+------------+-------------+-----------------+------+--------+------+-----+----+------+-----+---------+----------------------------------------------------------------------------+
| g0        | n/a   | BUFG/O          | None       |        1978 |               0 | 1957 |      0 |    3 |   0 |  0 |    0 |   0 |       0 | LCLK_ADCCLK_WIZ_0/inst/clk_out1                                            |
| g1        | n/a   | BUFG/O          | None       |        1174 |               0 | 1166 |      8 |    0 |   0 |  0 |    0 |   0 |       0 | DDR3_TRANSFER_0/MIG_7_SERIES/u_mig_7series_0_mig/u_ddr3_infrastructure/CLK |
| g3        | n/a   | BUFG/O          | None       |           8 |               0 |    0 |      0 |    0 |   0 |  0 |    0 |   0 |       0 | LCLK_ADCCLK_WIZ_0/inst/clk_out2                                            |
| g4        | n/a   | BUFG/O          | None       |          36 |               0 |   35 |      0 |    0 |   0 |  0 |    0 |   0 |       0 | IDELAY_DISCR_CLK_WIZ_0/inst/clk_out1                                       |
+-----------+-------+-----------------+------------+-------------+-----------------+------+--------+------+-----+----+------+-----+---------+----------------------------------------------------------------------------+
* Clock Loads column represents the clock pin loads (pin count)
** Non-Clock Loads column represents the non-clock pin loads (pin count)
*** Columns FF, LUTRAM, RAMB through 'Hard IP' represents load cell counts


24. Clock Region Cell Placement per Global Clock: Region X1Y3
-------------------------------------------------------------

+-----------+-------+-----------------+------------+-------------+-----------------+------+--------+------+-----+----+------+-----+---------+---------------------------------------------------------------------------------+
| Global Id | Track | Driver Type/Pin | Constraint | Clock Loads | Non-Clock Loads | FF   | LUTRAM | RAMB | DSP | GT | MMCM | PLL | Hard IP | Net                                                                             |
+-----------+-------+-----------------+------------+-------------+-----------------+------+--------+------+-----+----+------+-----+---------+---------------------------------------------------------------------------------+
| g0        | n/a   | BUFG/O          | None       |        1567 |               0 | 1561 |      0 |    6 |   0 |  0 |    0 |   0 |       0 | LCLK_ADCCLK_WIZ_0/inst/clk_out1                                                 |
| g1        | n/a   | BUFG/O          | None       |        2750 |               0 | 2705 |      9 |    6 |   0 |  0 |    1 |   0 |       0 | DDR3_TRANSFER_0/MIG_7_SERIES/u_mig_7series_0_mig/u_ddr3_infrastructure/CLK      |
| g4        | n/a   | BUFG/O          | None       |           1 |               0 |    0 |      0 |    0 |   0 |  0 |    0 |   0 |       0 | IDELAY_DISCR_CLK_WIZ_0/inst/clk_out1                                            |
| g6        | n/a   | BUFH/O          | None       |           1 |               0 |    0 |      0 |    0 |   0 |  0 |    1 |   0 |       0 | DDR3_TRANSFER_0/MIG_7_SERIES/u_mig_7series_0_mig/u_ddr3_infrastructure/pll_clk3 |
| g7        | n/a   | BUFG/O          | None       |           1 |               0 |    0 |      0 |    0 |   0 |  0 |    0 |   1 |       0 | IDELAY_DISCR_CLK_WIZ_0/inst/clk_out4                                            |
+-----------+-------+-----------------+------------+-------------+-----------------+------+--------+------+-----+----+------+-----+---------+---------------------------------------------------------------------------------+
* Clock Loads column represents the clock pin loads (pin count)
** Non-Clock Loads column represents the non-clock pin loads (pin count)
*** Columns FF, LUTRAM, RAMB through 'Hard IP' represents load cell counts



# Location of BUFG Primitives 
set_property LOC BUFGCTRL_X0Y2 [get_cells LCLK_ADCCLK_WIZ_0/inst/clkf_buf]
set_property LOC BUFGCTRL_X0Y1 [get_cells LCLK_ADCCLK_WIZ_0/inst/clkout2_buf]
set_property LOC BUFGCTRL_X0Y0 [get_cells LCLK_ADCCLK_WIZ_0/inst/clkout1_buf]
set_property LOC BUFGCTRL_X0Y21 [get_cells IDELAY_DISCR_CLK_WIZ_0/inst/clkf_buf]
set_property LOC BUFGCTRL_X0Y20 [get_cells IDELAY_DISCR_CLK_WIZ_0/inst/clkout4_buf]
set_property LOC BUFGCTRL_X0Y17 [get_cells IDELAY_DISCR_CLK_WIZ_0/inst/clkout3_buf]
set_property LOC BUFGCTRL_X0Y19 [get_cells IDELAY_DISCR_CLK_WIZ_0/inst/clkout2_buf]
set_property LOC BUFGCTRL_X0Y18 [get_cells IDELAY_DISCR_CLK_WIZ_0/inst/clkout1_buf]
set_property LOC BUFGCTRL_X0Y16 [get_cells DDR3_TRANSFER_0/MIG_7_SERIES/u_mig_7series_0_mig/u_ddr3_infrastructure/u_bufg_clkdiv0]

# Location of BUFH Primitives 
set_property LOC BUFHCE_X1Y36 [get_cells DDR3_TRANSFER_0/MIG_7_SERIES/u_mig_7series_0_mig/u_ddr3_infrastructure/u_bufh_pll_clk3]

# Location of IO Primitives which is load of clock spine

# Location of clock ports
set_property LOC IOB_X1Y125 [get_ports FPGA_CLOCK_N]
set_property LOC IOB_X1Y126 [get_ports FPGA_CLOCK_P]

# Clock net "LCLK_ADCCLK_WIZ_0/inst/clk_out2" driven by instance "LCLK_ADCCLK_WIZ_0/inst/clkout2_buf" located at site "BUFGCTRL_X0Y1"
#startgroup
create_pblock {CLKAG_LCLK_ADCCLK_WIZ_0/inst/clk_out2}
add_cells_to_pblock [get_pblocks  {CLKAG_LCLK_ADCCLK_WIZ_0/inst/clk_out2}] [get_cells -filter { PRIMITIVE_GROUP != I/O && IS_PRIMITIVE==1 && PRIMITIVE_LEVEL !=INTERNAL } -of_object [get_pins -filter {DIRECTION==IN} -of_objects [get_nets -hierarchical -filter {PARENT=="LCLK_ADCCLK_WIZ_0/inst/clk_out2"}]]]
resize_pblock [get_pblocks {CLKAG_LCLK_ADCCLK_WIZ_0/inst/clk_out2}] -add {CLOCKREGION_X0Y0:CLOCKREGION_X0Y0 CLOCKREGION_X0Y1:CLOCKREGION_X0Y1 CLOCKREGION_X0Y2:CLOCKREGION_X0Y2 CLOCKREGION_X0Y3:CLOCKREGION_X0Y3}
#endgroup

# Clock net "LCLK_ADCCLK_WIZ_0/inst/clk_out1" driven by instance "LCLK_ADCCLK_WIZ_0/inst/clkout1_buf" located at site "BUFGCTRL_X0Y0"
#startgroup
create_pblock {CLKAG_LCLK_ADCCLK_WIZ_0/inst/clk_out1}
add_cells_to_pblock [get_pblocks  {CLKAG_LCLK_ADCCLK_WIZ_0/inst/clk_out1}] [get_cells -filter { PRIMITIVE_GROUP != I/O && IS_PRIMITIVE==1 && PRIMITIVE_LEVEL !=INTERNAL } -of_object [get_pins -filter {DIRECTION==IN} -of_objects [get_nets -hierarchical -filter {PARENT=="LCLK_ADCCLK_WIZ_0/inst/clk_out1"}]]]
resize_pblock [get_pblocks {CLKAG_LCLK_ADCCLK_WIZ_0/inst/clk_out1}] -add {CLOCKREGION_X0Y0:CLOCKREGION_X0Y0 CLOCKREGION_X0Y1:CLOCKREGION_X0Y1 CLOCKREGION_X0Y2:CLOCKREGION_X0Y2 CLOCKREGION_X0Y3:CLOCKREGION_X0Y3 CLOCKREGION_X1Y0:CLOCKREGION_X1Y0 CLOCKREGION_X1Y1:CLOCKREGION_X1Y1 CLOCKREGION_X1Y2:CLOCKREGION_X1Y2 CLOCKREGION_X1Y3:CLOCKREGION_X1Y3}
#endgroup

# Clock net "IDELAY_DISCR_CLK_WIZ_0/inst/clk_out3" driven by instance "IDELAY_DISCR_CLK_WIZ_0/inst/clkout3_buf" located at site "BUFGCTRL_X0Y17"
#startgroup
create_pblock {CLKAG_IDELAY_DISCR_CLK_WIZ_0/inst/clk_out3}
add_cells_to_pblock [get_pblocks  {CLKAG_IDELAY_DISCR_CLK_WIZ_0/inst/clk_out3}] [get_cells -filter { PRIMITIVE_GROUP != I/O && IS_PRIMITIVE==1 && PRIMITIVE_LEVEL !=INTERNAL } -of_object [get_pins -filter {DIRECTION==IN} -of_objects [get_nets -hierarchical -filter {PARENT=="IDELAY_DISCR_CLK_WIZ_0/inst/clk_out3"}]]]
resize_pblock [get_pblocks {CLKAG_IDELAY_DISCR_CLK_WIZ_0/inst/clk_out3}] -add {CLOCKREGION_X0Y2:CLOCKREGION_X0Y2 CLOCKREGION_X1Y0:CLOCKREGION_X1Y0 CLOCKREGION_X1Y1:CLOCKREGION_X1Y1}
#endgroup

# Clock net "IDELAY_DISCR_CLK_WIZ_0/inst/clk_out2" driven by instance "IDELAY_DISCR_CLK_WIZ_0/inst/clkout2_buf" located at site "BUFGCTRL_X0Y19"
#startgroup
create_pblock {CLKAG_IDELAY_DISCR_CLK_WIZ_0/inst/clk_out2}
add_cells_to_pblock [get_pblocks  {CLKAG_IDELAY_DISCR_CLK_WIZ_0/inst/clk_out2}] [get_cells -filter { PRIMITIVE_GROUP != I/O && IS_PRIMITIVE==1 && PRIMITIVE_LEVEL !=INTERNAL } -of_object [get_pins -filter {DIRECTION==IN} -of_objects [get_nets -hierarchical -filter {PARENT=="IDELAY_DISCR_CLK_WIZ_0/inst/clk_out2"}]]]
resize_pblock [get_pblocks {CLKAG_IDELAY_DISCR_CLK_WIZ_0/inst/clk_out2}] -add {CLOCKREGION_X1Y0:CLOCKREGION_X1Y0 CLOCKREGION_X1Y1:CLOCKREGION_X1Y1}
#endgroup

# Clock net "IDELAY_DISCR_CLK_WIZ_0/inst/clk_out1" driven by instance "IDELAY_DISCR_CLK_WIZ_0/inst/clkout1_buf" located at site "BUFGCTRL_X0Y18"
#startgroup
create_pblock {CLKAG_IDELAY_DISCR_CLK_WIZ_0/inst/clk_out1}
add_cells_to_pblock [get_pblocks  {CLKAG_IDELAY_DISCR_CLK_WIZ_0/inst/clk_out1}] [get_cells -filter { PRIMITIVE_GROUP != I/O && IS_PRIMITIVE==1 && PRIMITIVE_LEVEL !=INTERNAL } -of_object [get_pins -filter {DIRECTION==IN} -of_objects [get_nets -hierarchical -filter {PARENT=="IDELAY_DISCR_CLK_WIZ_0/inst/clk_out1"}]]]
resize_pblock [get_pblocks {CLKAG_IDELAY_DISCR_CLK_WIZ_0/inst/clk_out1}] -add {CLOCKREGION_X0Y0:CLOCKREGION_X0Y0 CLOCKREGION_X0Y1:CLOCKREGION_X0Y1 CLOCKREGION_X0Y2:CLOCKREGION_X0Y2 CLOCKREGION_X0Y3:CLOCKREGION_X0Y3 CLOCKREGION_X1Y3:CLOCKREGION_X1Y3}
#endgroup

# Clock net "DDR3_TRANSFER_0/MIG_7_SERIES/u_mig_7series_0_mig/u_ddr3_infrastructure/CLK" driven by instance "DDR3_TRANSFER_0/MIG_7_SERIES/u_mig_7series_0_mig/u_ddr3_infrastructure/u_bufg_clkdiv0" located at site "BUFGCTRL_X0Y16"
#startgroup
create_pblock {CLKAG_DDR3_TRANSFER_0/MIG_7_SERIES/u_mig_7series_0_mig/u_ddr3_infrastructure/CLK}
add_cells_to_pblock [get_pblocks  {CLKAG_DDR3_TRANSFER_0/MIG_7_SERIES/u_mig_7series_0_mig/u_ddr3_infrastructure/CLK}] [get_cells -filter { PRIMITIVE_GROUP != I/O && IS_PRIMITIVE==1 && PRIMITIVE_LEVEL !=INTERNAL && NAME!=DDR3_TRANSFER_0/MIG_7_SERIES/u_mig_7series_0_mig/u_ddr3_infrastructure/gen_mmcm.mmcm_i} -of_object [get_pins -filter {DIRECTION==IN} -of_objects [get_nets -hierarchical -filter {PARENT=="DDR3_TRANSFER_0/MIG_7_SERIES/u_mig_7series_0_mig/u_ddr3_infrastructure/CLK"}]]]
resize_pblock [get_pblocks {CLKAG_DDR3_TRANSFER_0/MIG_7_SERIES/u_mig_7series_0_mig/u_ddr3_infrastructure/CLK}] -add {CLOCKREGION_X0Y2:CLOCKREGION_X0Y2 CLOCKREGION_X0Y3:CLOCKREGION_X0Y3 CLOCKREGION_X1Y3:CLOCKREGION_X1Y3}
#endgroup
