Copyright 1986-2019 Xilinx, Inc. All Rights Reserved.
---------------------------------------------------------------------------------------------------
| Tool Version : Vivado v.2019.1 (win64) Build 2552052 Fri May 24 14:49:42 MDT 2019
| Date         : Wed Sep  1 18:27:50 2021
| Host         : LAPTOP-GBOUD091 running 64-bit major release  (build 9200)
| Command      : report_drc -file top_drc_routed.rpt -pb top_drc_routed.pb -rpx top_drc_routed.rpx
| Design       : top
| Device       : xc7s100fgga676-2
| Speed File   : -2
| Design State : Fully Routed
---------------------------------------------------------------------------------------------------

Report DRC

Table of Contents
-----------------
1. REPORT SUMMARY
2. REPORT DETAILS

1. REPORT SUMMARY
-----------------
            Netlist: netlist
          Floorplan: design_1
      Design limits: <entire design considered>
           Ruledeck: default
             Max violations: <unlimited>
             Violations found: 1
+-----------+----------+-------------------+------------+
| Rule      | Severity | Description       | Violations |
+-----------+----------+-------------------+------------+
| RTSTAT-10 | Warning  | No routable loads | 1          |
+-----------+----------+-------------------+------------+

2. REPORT DETAILS
-----------------
RTSTAT-10#1 Warning
No routable loads  
14 net(s) have no routable loads. The problem bus(es) and/or net(s) are XDOM_0/UART_ICM_0/FIFO_2048_32_0/U0/inst_fifo_gen/gconvfifo.rf/grf.rf/gntv_or_sync_fifo.gl0.wr/gwss.wsts/ram_afull_fb, XDOM_0/UART_MCU_0/FIFO_2048_32_0/U0/inst_fifo_gen/gconvfifo.rf/grf.rf/gntv_or_sync_fifo.gl0.wr/gwss.wsts/ram_afull_fb, XDOM_0/UART_DEBUG_0/FIFO_2048_32_0/U0/inst_fifo_gen/gconvfifo.rf/grf.rf/gntv_or_sync_fifo.gl0.wr/gwss.wsts/ram_afull_fb, I2CM_0/RX_FIFO_0/U0/inst_fifo_gen/gconvfifo.rf/grf.rf/gntv_or_sync_fifo.gl0.wr/gwss.wsts/ram_afull_fb, I2CM_0/TX_FIFO_0/U0/inst_fifo_gen/gconvfifo.rf/grf.rf/gntv_or_sync_fifo.gl0.wr/gwss.wsts/ram_afull_fb, XDOM_0/UART_ICM_0/FIFO_2048_32_0/U0/inst_fifo_gen/gconvfifo.rf/grf.rf/gntv_or_sync_fifo.gl0.wr/gwss.wsts/ram_afull_i, XDOM_0/UART_MCU_0/FIFO_2048_32_0/U0/inst_fifo_gen/gconvfifo.rf/grf.rf/gntv_or_sync_fifo.gl0.wr/gwss.wsts/ram_afull_i, XDOM_0/UART_DEBUG_0/FIFO_2048_32_0/U0/inst_fifo_gen/gconvfifo.rf/grf.rf/gntv_or_sync_fifo.gl0.wr/gwss.wsts/ram_afull_i, XDOM_0/UART_MCU_0/FIFO_2048_32_0/U0/inst_fifo_gen/gconvfifo.rf/grf.rf/gntv_or_sync_fifo.gl0.rd/grss.rsts/ram_empty_i, XDOM_0/UART_ICM_0/FIFO_2048_32_0/U0/inst_fifo_gen/gconvfifo.rf/grf.rf/gntv_or_sync_fifo.gl0.wr/gwss.wsts/ram_full_i, XDOM_0/UART_MCU_0/FIFO_2048_32_0/U0/inst_fifo_gen/gconvfifo.rf/grf.rf/gntv_or_sync_fifo.gl0.wr/gwss.wsts/ram_full_i, XDOM_0/UART_DEBUG_0/FIFO_2048_32_0/U0/inst_fifo_gen/gconvfifo.rf/grf.rf/gntv_or_sync_fifo.gl0.wr/gwss.wsts/ram_full_i, I2CM_0/RX_FIFO_0/U0/inst_fifo_gen/gconvfifo.rf/grf.rf/gntv_or_sync_fifo.gl0.wr/gwss.wsts/ram_full_i, I2CM_0/TX_FIFO_0/U0/inst_fifo_gen/gconvfifo.rf/grf.rf/gntv_or_sync_fifo.gl0.wr/gwss.wsts/ram_full_i.
Related violations: <none>


