Vivado Simulator 2019.1
Time resolution is 1 fs
Block Memory Generator module tb.UUT_0.XDOM_0.PG_DPRAM.inst.native_mem_module.blk_mem_gen_v8_4_3_inst is using a behavioral model for simulation which will not precisely model memory collision behavior.
Block Memory Generator module tb.UUT_0.XDOM_0.RDOUT_DPRAM.inst.native_mem_module.blk_mem_gen_v8_4_3_inst is using a behavioral model for simulation which will not precisely model memory collision behavior.
WARNING: This core is supplied with a behavioral model. To model cycle-accurate behavior you must run timing simulation.
WARNING: This core is supplied with a behavioral model. To model cycle-accurate behavior you must run timing simulation.
Block Memory Generator module tb.UUT_0.waveform_acq_gen[0].WFM_ACQ.WVB.WBS.genblk1.WAVEFORM_DISCR_BUFF.inst.native_mem_module.blk_mem_gen_v8_4_3_inst is using a behavioral model for simulation which will not precisely model memory collision behavior.
WARNING: This core is supplied with a behavioral model. To model cycle-accurate behavior you must run timing simulation.
WARNING: This core is supplied with a behavioral model. To model cycle-accurate behavior you must run timing simulation.
Block Memory Generator module tb.UUT_0.waveform_acq_gen[1].WFM_ACQ.WVB.WBS.genblk1.WAVEFORM_DISCR_BUFF.inst.native_mem_module.blk_mem_gen_v8_4_3_inst is using a behavioral model for simulation which will not precisely model memory collision behavior.
WARNING: This core is supplied with a behavioral model. To model cycle-accurate behavior you must run timing simulation.
WARNING: This core is supplied with a behavioral model. To model cycle-accurate behavior you must run timing simulation.
Block Memory Generator module tb.UUT_0.waveform_acq_gen[2].WFM_ACQ.WVB.WBS.genblk1.WAVEFORM_DISCR_BUFF.inst.native_mem_module.blk_mem_gen_v8_4_3_inst is using a behavioral model for simulation which will not precisely model memory collision behavior.
WARNING: This core is supplied with a behavioral model. To model cycle-accurate behavior you must run timing simulation.
WARNING: This core is supplied with a behavioral model. To model cycle-accurate behavior you must run timing simulation.
Block Memory Generator module tb.UUT_0.waveform_acq_gen[3].WFM_ACQ.WVB.WBS.genblk1.WAVEFORM_DISCR_BUFF.inst.native_mem_module.blk_mem_gen_v8_4_3_inst is using a behavioral model for simulation which will not precisely model memory collision behavior.
WARNING: This core is supplied with a behavioral model. To model cycle-accurate behavior you must run timing simulation.
WARNING: This core is supplied with a behavioral model. To model cycle-accurate behavior you must run timing simulation.
Block Memory Generator module tb.UUT_0.waveform_acq_gen[4].WFM_ACQ.WVB.WBS.genblk1.WAVEFORM_DISCR_BUFF.inst.native_mem_module.blk_mem_gen_v8_4_3_inst is using a behavioral model for simulation which will not precisely model memory collision behavior.
WARNING: This core is supplied with a behavioral model. To model cycle-accurate behavior you must run timing simulation.
WARNING: This core is supplied with a behavioral model. To model cycle-accurate behavior you must run timing simulation.
Block Memory Generator module tb.UUT_0.waveform_acq_gen[5].WFM_ACQ.WVB.WBS.genblk1.WAVEFORM_DISCR_BUFF.inst.native_mem_module.blk_mem_gen_v8_4_3_inst is using a behavioral model for simulation which will not precisely model memory collision behavior.
WARNING: This core is supplied with a behavioral model. To model cycle-accurate behavior you must run timing simulation.
WARNING: This core is supplied with a behavioral model. To model cycle-accurate behavior you must run timing simulation.
Block Memory Generator module tb.UUT_0.waveform_acq_gen[6].WFM_ACQ.WVB.WBS.genblk1.WAVEFORM_DISCR_BUFF.inst.native_mem_module.blk_mem_gen_v8_4_3_inst is using a behavioral model for simulation which will not precisely model memory collision behavior.
WARNING: This core is supplied with a behavioral model. To model cycle-accurate behavior you must run timing simulation.
WARNING: This core is supplied with a behavioral model. To model cycle-accurate behavior you must run timing simulation.
Block Memory Generator module tb.UUT_0.waveform_acq_gen[7].WFM_ACQ.WVB.WBS.genblk1.WAVEFORM_DISCR_BUFF.inst.native_mem_module.blk_mem_gen_v8_4_3_inst is using a behavioral model for simulation which will not precisely model memory collision behavior.
WARNING: This core is supplied with a behavioral model. To model cycle-accurate behavior you must run timing simulation.
WARNING: This core is supplied with a behavioral model. To model cycle-accurate behavior you must run timing simulation.
Block Memory Generator module tb.UUT_0.waveform_acq_gen[8].WFM_ACQ.WVB.WBS.genblk1.WAVEFORM_DISCR_BUFF.inst.native_mem_module.blk_mem_gen_v8_4_3_inst is using a behavioral model for simulation which will not precisely model memory collision behavior.
WARNING: This core is supplied with a behavioral model. To model cycle-accurate behavior you must run timing simulation.
WARNING: This core is supplied with a behavioral model. To model cycle-accurate behavior you must run timing simulation.
Block Memory Generator module tb.UUT_0.waveform_acq_gen[9].WFM_ACQ.WVB.WBS.genblk1.WAVEFORM_DISCR_BUFF.inst.native_mem_module.blk_mem_gen_v8_4_3_inst is using a behavioral model for simulation which will not precisely model memory collision behavior.
WARNING: This core is supplied with a behavioral model. To model cycle-accurate behavior you must run timing simulation.
WARNING: This core is supplied with a behavioral model. To model cycle-accurate behavior you must run timing simulation.
Block Memory Generator module tb.UUT_0.waveform_acq_gen[10].WFM_ACQ.WVB.WBS.genblk1.WAVEFORM_DISCR_BUFF.inst.native_mem_module.blk_mem_gen_v8_4_3_inst is using a behavioral model for simulation which will not precisely model memory collision behavior.
WARNING: This core is supplied with a behavioral model. To model cycle-accurate behavior you must run timing simulation.
WARNING: This core is supplied with a behavioral model. To model cycle-accurate behavior you must run timing simulation.
Block Memory Generator module tb.UUT_0.waveform_acq_gen[11].WFM_ACQ.WVB.WBS.genblk1.WAVEFORM_DISCR_BUFF.inst.native_mem_module.blk_mem_gen_v8_4_3_inst is using a behavioral model for simulation which will not precisely model memory collision behavior.
WARNING: This core is supplied with a behavioral model. To model cycle-accurate behavior you must run timing simulation.
WARNING: This core is supplied with a behavioral model. To model cycle-accurate behavior you must run timing simulation.
Block Memory Generator module tb.UUT_0.waveform_acq_gen[12].WFM_ACQ.WVB.WBS.genblk1.WAVEFORM_DISCR_BUFF.inst.native_mem_module.blk_mem_gen_v8_4_3_inst is using a behavioral model for simulation which will not precisely model memory collision behavior.
WARNING: This core is supplied with a behavioral model. To model cycle-accurate behavior you must run timing simulation.
WARNING: This core is supplied with a behavioral model. To model cycle-accurate behavior you must run timing simulation.
Block Memory Generator module tb.UUT_0.waveform_acq_gen[13].WFM_ACQ.WVB.WBS.genblk1.WAVEFORM_DISCR_BUFF.inst.native_mem_module.blk_mem_gen_v8_4_3_inst is using a behavioral model for simulation which will not precisely model memory collision behavior.
WARNING: This core is supplied with a behavioral model. To model cycle-accurate behavior you must run timing simulation.
WARNING: This core is supplied with a behavioral model. To model cycle-accurate behavior you must run timing simulation.
Block Memory Generator module tb.UUT_0.waveform_acq_gen[14].WFM_ACQ.WVB.WBS.genblk1.WAVEFORM_DISCR_BUFF.inst.native_mem_module.blk_mem_gen_v8_4_3_inst is using a behavioral model for simulation which will not precisely model memory collision behavior.
WARNING: This core is supplied with a behavioral model. To model cycle-accurate behavior you must run timing simulation.
WARNING: This core is supplied with a behavioral model. To model cycle-accurate behavior you must run timing simulation.
Block Memory Generator module tb.UUT_0.waveform_acq_gen[15].WFM_ACQ.WVB.WBS.genblk1.WAVEFORM_DISCR_BUFF.inst.native_mem_module.blk_mem_gen_v8_4_3_inst is using a behavioral model for simulation which will not precisely model memory collision behavior.
WARNING: This core is supplied with a behavioral model. To model cycle-accurate behavior you must run timing simulation.
WARNING: This core is supplied with a behavioral model. To model cycle-accurate behavior you must run timing simulation.
Block Memory Generator module tb.UUT_0.waveform_acq_gen[16].WFM_ACQ.WVB.WBS.genblk1.WAVEFORM_DISCR_BUFF.inst.native_mem_module.blk_mem_gen_v8_4_3_inst is using a behavioral model for simulation which will not precisely model memory collision behavior.
WARNING: This core is supplied with a behavioral model. To model cycle-accurate behavior you must run timing simulation.
WARNING: This core is supplied with a behavioral model. To model cycle-accurate behavior you must run timing simulation.
Block Memory Generator module tb.UUT_0.waveform_acq_gen[17].WFM_ACQ.WVB.WBS.genblk1.WAVEFORM_DISCR_BUFF.inst.native_mem_module.blk_mem_gen_v8_4_3_inst is using a behavioral model for simulation which will not precisely model memory collision behavior.
WARNING: This core is supplied with a behavioral model. To model cycle-accurate behavior you must run timing simulation.
WARNING: This core is supplied with a behavioral model. To model cycle-accurate behavior you must run timing simulation.
Block Memory Generator module tb.UUT_0.waveform_acq_gen[18].WFM_ACQ.WVB.WBS.genblk1.WAVEFORM_DISCR_BUFF.inst.native_mem_module.blk_mem_gen_v8_4_3_inst is using a behavioral model for simulation which will not precisely model memory collision behavior.
WARNING: This core is supplied with a behavioral model. To model cycle-accurate behavior you must run timing simulation.
WARNING: This core is supplied with a behavioral model. To model cycle-accurate behavior you must run timing simulation.
Block Memory Generator module tb.UUT_0.waveform_acq_gen[19].WFM_ACQ.WVB.WBS.genblk1.WAVEFORM_DISCR_BUFF.inst.native_mem_module.blk_mem_gen_v8_4_3_inst is using a behavioral model for simulation which will not precisely model memory collision behavior.
WARNING: This core is supplied with a behavioral model. To model cycle-accurate behavior you must run timing simulation.
WARNING: This core is supplied with a behavioral model. To model cycle-accurate behavior you must run timing simulation.
Block Memory Generator module tb.UUT_0.waveform_acq_gen[20].WFM_ACQ.WVB.WBS.genblk1.WAVEFORM_DISCR_BUFF.inst.native_mem_module.blk_mem_gen_v8_4_3_inst is using a behavioral model for simulation which will not precisely model memory collision behavior.
WARNING: This core is supplied with a behavioral model. To model cycle-accurate behavior you must run timing simulation.
WARNING: This core is supplied with a behavioral model. To model cycle-accurate behavior you must run timing simulation.
Block Memory Generator module tb.UUT_0.waveform_acq_gen[21].WFM_ACQ.WVB.WBS.genblk1.WAVEFORM_DISCR_BUFF.inst.native_mem_module.blk_mem_gen_v8_4_3_inst is using a behavioral model for simulation which will not precisely model memory collision behavior.
WARNING: This core is supplied with a behavioral model. To model cycle-accurate behavior you must run timing simulation.
WARNING: This core is supplied with a behavioral model. To model cycle-accurate behavior you must run timing simulation.
Block Memory Generator module tb.UUT_0.waveform_acq_gen[22].WFM_ACQ.WVB.WBS.genblk1.WAVEFORM_DISCR_BUFF.inst.native_mem_module.blk_mem_gen_v8_4_3_inst is using a behavioral model for simulation which will not precisely model memory collision behavior.
WARNING: This core is supplied with a behavioral model. To model cycle-accurate behavior you must run timing simulation.
WARNING: This core is supplied with a behavioral model. To model cycle-accurate behavior you must run timing simulation.
Block Memory Generator module tb.UUT_0.waveform_acq_gen[23].WFM_ACQ.WVB.WBS.genblk1.WAVEFORM_DISCR_BUFF.inst.native_mem_module.blk_mem_gen_v8_4_3_inst is using a behavioral model for simulation which will not precisely model memory collision behavior.
Block Memory Generator module tb.UUT_0.HBUF_CTRL_0.READER_DPRAM_0.inst.native_mem_module.blk_mem_gen_v8_4_3_inst is using a behavioral model for simulation which will not precisely model memory collision behavior.
Block Memory Generator module tb.UUT_0.HBUF_CTRL_0.DDR3_PG_DPRAM_0.inst.native_mem_module.blk_mem_gen_v8_4_3_inst is using a behavioral model for simulation which will not precisely model memory collision behavior.
WARNING: file design.txt could not be opened
 *** Warning: The analog data file design.txt for XADC instance tb.UUT_0.DDR3_TRANSFER_0.MIG_7_SERIES.u_mig_7series_0_mig.temp_mon_enabled.u_tempmon.xadc_supplied_temperature.XADC_inst was not found. Use the SIM_MONITOR_FILE parameter to specify the analog data file name or use the default name: design.txt.

############# Write Clocks PLLE2_ADV Parameters #############

nCK_PER_CLK      =       4
CLK_PERIOD       =   10000
CLKIN1_PERIOD    =  10.000
DIVCLK_DIVIDE    =       1
CLKFBOUT_MULT    =      13
VCO_PERIOD       =   769.0
CLKOUT0_DIVIDE_F =       2
CLKOUT1_DIVIDE   =       4
CLKOUT2_DIVIDE   =      64
CLKOUT3_DIVIDE   =      16
CLKOUT0_PERIOD   =    1538
CLKOUT1_PERIOD   =    3076
CLKOUT2_PERIOD   =   49216
CLKOUT3_PERIOD   =   12304
CLKOUT4_PERIOD   =    6152
############################################################

############# MMCME2_ADV Parameters #############

MMCM_MULT_F           =           8
MMCM_VCO_FREQ (MHz)   = 649.000
MMCM_VCO_PERIOD       = 1540.832
#################################################

tb.UUT_0.DDR3_TRANSFER_0.MIG_7_SERIES.u_mig_7series_0_mig.u_memc_ui_top_std.mem_intfc0.ddr_phy_top0.u_ddr_mc_phy_wrapper.u_ddr_mc_phy : BYTE_LANES_B0 = f BYTE_LANES_B1 = 0 DATA_CTL_B0 = c DATA_CTL_B1 = 0
tb.UUT_0.DDR3_TRANSFER_0.MIG_7_SERIES.u_mig_7series_0_mig.u_memc_ui_top_std.mem_intfc0.ddr_phy_top0.u_ddr_mc_phy_wrapper.u_ddr_mc_phy : HIGHEST_LANE =           4 HIGHEST_LANE_B0 =           4 HIGHEST_LANE_B1 =           0
tb.UUT_0.DDR3_TRANSFER_0.MIG_7_SERIES.u_mig_7series_0_mig.u_memc_ui_top_std.mem_intfc0.ddr_phy_top0.u_ddr_mc_phy_wrapper.u_ddr_mc_phy : HIGHEST_BANK =           1
tb.UUT_0.DDR3_TRANSFER_0.MIG_7_SERIES.u_mig_7series_0_mig.u_memc_ui_top_std.mem_intfc0.ddr_phy_top0.u_ddr_mc_phy_wrapper.u_ddr_mc_phy : FREQ_REF_PERIOD         = 1538.00 
tb.UUT_0.DDR3_TRANSFER_0.MIG_7_SERIES.u_mig_7series_0_mig.u_memc_ui_top_std.mem_intfc0.ddr_phy_top0.u_ddr_mc_phy_wrapper.u_ddr_mc_phy : DDR_TCK                 = 3077 
tb.UUT_0.DDR3_TRANSFER_0.MIG_7_SERIES.u_mig_7series_0_mig.u_memc_ui_top_std.mem_intfc0.ddr_phy_top0.u_ddr_mc_phy_wrapper.u_ddr_mc_phy : PO_S2_TAPS_SIZE         = 12.02 
tb.UUT_0.DDR3_TRANSFER_0.MIG_7_SERIES.u_mig_7series_0_mig.u_memc_ui_top_std.mem_intfc0.ddr_phy_top0.u_ddr_mc_phy_wrapper.u_ddr_mc_phy : PO_CIRC_BUF_EARLY       = 1 
tb.UUT_0.DDR3_TRANSFER_0.MIG_7_SERIES.u_mig_7series_0_mig.u_memc_ui_top_std.mem_intfc0.ddr_phy_top0.u_ddr_mc_phy_wrapper.u_ddr_mc_phy : PO_CIRC_BUF_OFFSET      = 1610.30 
tb.UUT_0.DDR3_TRANSFER_0.MIG_7_SERIES.u_mig_7series_0_mig.u_memc_ui_top_std.mem_intfc0.ddr_phy_top0.u_ddr_mc_phy_wrapper.u_ddr_mc_phy : PO_CIRC_BUF_META_ZONE   = 200.00 
tb.UUT_0.DDR3_TRANSFER_0.MIG_7_SERIES.u_mig_7series_0_mig.u_memc_ui_top_std.mem_intfc0.ddr_phy_top0.u_ddr_mc_phy_wrapper.u_ddr_mc_phy : PO_STG2_FINE_INTR_DLY   = 890.73 
tb.UUT_0.DDR3_TRANSFER_0.MIG_7_SERIES.u_mig_7series_0_mig.u_memc_ui_top_std.mem_intfc0.ddr_phy_top0.u_ddr_mc_phy_wrapper.u_ddr_mc_phy : PO_STG2_COARSE_INTR_DLY = 575.97 
tb.UUT_0.DDR3_TRANSFER_0.MIG_7_SERIES.u_mig_7series_0_mig.u_memc_ui_top_std.mem_intfc0.ddr_phy_top0.u_ddr_mc_phy_wrapper.u_ddr_mc_phy : PO_STG2_INTRINSIC_DELAY = 1466.70 
tb.UUT_0.DDR3_TRANSFER_0.MIG_7_SERIES.u_mig_7series_0_mig.u_memc_ui_top_std.mem_intfc0.ddr_phy_top0.u_ddr_mc_phy_wrapper.u_ddr_mc_phy : PO_CIRC_BUF_DELAY       = 60 
tb.UUT_0.DDR3_TRANSFER_0.MIG_7_SERIES.u_mig_7series_0_mig.u_memc_ui_top_std.mem_intfc0.ddr_phy_top0.u_ddr_mc_phy_wrapper.u_ddr_mc_phy : PO_INTRINSIC_DELAY      = 1466.70 
tb.UUT_0.DDR3_TRANSFER_0.MIG_7_SERIES.u_mig_7series_0_mig.u_memc_ui_top_std.mem_intfc0.ddr_phy_top0.u_ddr_mc_phy_wrapper.u_ddr_mc_phy : PO_DELAY                = 2187.64 
tb.UUT_0.DDR3_TRANSFER_0.MIG_7_SERIES.u_mig_7series_0_mig.u_memc_ui_top_std.mem_intfc0.ddr_phy_top0.u_ddr_mc_phy_wrapper.u_ddr_mc_phy : PO_OCLK_DELAY           = 0 
tb.UUT_0.DDR3_TRANSFER_0.MIG_7_SERIES.u_mig_7series_0_mig.u_memc_ui_top_std.mem_intfc0.ddr_phy_top0.u_ddr_mc_phy_wrapper.u_ddr_mc_phy : L_PHY_0_PO_FINE_DELAY   = 60 
tb.UUT_0.DDR3_TRANSFER_0.MIG_7_SERIES.u_mig_7series_0_mig.u_memc_ui_top_std.mem_intfc0.ddr_phy_top0.u_ddr_mc_phy_wrapper.u_ddr_mc_phy : PI_STG1_INTRINSIC_DELAY = 0.00 
tb.UUT_0.DDR3_TRANSFER_0.MIG_7_SERIES.u_mig_7series_0_mig.u_memc_ui_top_std.mem_intfc0.ddr_phy_top0.u_ddr_mc_phy_wrapper.u_ddr_mc_phy : PI_STG2_INTRINSIC_DELAY = 865.48 
tb.UUT_0.DDR3_TRANSFER_0.MIG_7_SERIES.u_mig_7series_0_mig.u_memc_ui_top_std.mem_intfc0.ddr_phy_top0.u_ddr_mc_phy_wrapper.u_ddr_mc_phy : PI_INTRINSIC_DELAY      = 865.48 
tb.UUT_0.DDR3_TRANSFER_0.MIG_7_SERIES.u_mig_7series_0_mig.u_memc_ui_top_std.mem_intfc0.ddr_phy_top0.u_ddr_mc_phy_wrapper.u_ddr_mc_phy : PI_MAX_STG2_DELAY       = 756.98 
tb.UUT_0.DDR3_TRANSFER_0.MIG_7_SERIES.u_mig_7series_0_mig.u_memc_ui_top_std.mem_intfc0.ddr_phy_top0.u_ddr_mc_phy_wrapper.u_ddr_mc_phy : PI_OFFSET               = 123.00 
tb.UUT_0.DDR3_TRANSFER_0.MIG_7_SERIES.u_mig_7series_0_mig.u_memc_ui_top_std.mem_intfc0.ddr_phy_top0.u_ddr_mc_phy_wrapper.u_ddr_mc_phy : PI_STG2_DELAY           = 123.00 
tb.UUT_0.DDR3_TRANSFER_0.MIG_7_SERIES.u_mig_7series_0_mig.u_memc_ui_top_std.mem_intfc0.ddr_phy_top0.u_ddr_mc_phy_wrapper.u_ddr_mc_phy :PI_STG2_DELAY_CAND       = 123.00 
tb.UUT_0.DDR3_TRANSFER_0.MIG_7_SERIES.u_mig_7series_0_mig.u_memc_ui_top_std.mem_intfc0.ddr_phy_top0.u_ddr_mc_phy_wrapper.u_ddr_mc_phy : DEFAULT_RCLK_DELAY      = 10 
tb.UUT_0.DDR3_TRANSFER_0.MIG_7_SERIES.u_mig_7series_0_mig.u_memc_ui_top_std.mem_intfc0.ddr_phy_top0.u_ddr_mc_phy_wrapper.u_ddr_mc_phy : RCLK_SELECT_EDGE        = 111 

------------------------------------------------------
Test Case: TEST_CASE_1
WARNING in tb.UUT_0.waveform_acq_gen[0].WFM_ACQ.WVB.PTB.genblk1.DIST_PTB.inst at time              3525100 ns: 
Reading from out-of-range address. Max address in tb.UUT_0.waveform_acq_gen[0].WFM_ACQ.WVB.PTB.genblk1.DIST_PTB.inst is          31
WARNING in tb.UUT_0.waveform_acq_gen[1].WFM_ACQ.WVB.PTB.genblk1.DIST_PTB.inst at time              3525100 ns: 
Reading from out-of-range address. Max address in tb.UUT_0.waveform_acq_gen[1].WFM_ACQ.WVB.PTB.genblk1.DIST_PTB.inst is          31
WARNING in tb.UUT_0.waveform_acq_gen[2].WFM_ACQ.WVB.PTB.genblk1.DIST_PTB.inst at time              3525100 ns: 
Reading from out-of-range address. Max address in tb.UUT_0.waveform_acq_gen[2].WFM_ACQ.WVB.PTB.genblk1.DIST_PTB.inst is          31
WARNING in tb.UUT_0.waveform_acq_gen[3].WFM_ACQ.WVB.PTB.genblk1.DIST_PTB.inst at time              3525100 ns: 
Reading from out-of-range address. Max address in tb.UUT_0.waveform_acq_gen[3].WFM_ACQ.WVB.PTB.genblk1.DIST_PTB.inst is          31
WARNING in tb.UUT_0.waveform_acq_gen[4].WFM_ACQ.WVB.PTB.genblk1.DIST_PTB.inst at time              3525100 ns: 
Reading from out-of-range address. Max address in tb.UUT_0.waveform_acq_gen[4].WFM_ACQ.WVB.PTB.genblk1.DIST_PTB.inst is          31
WARNING in tb.UUT_0.waveform_acq_gen[5].WFM_ACQ.WVB.PTB.genblk1.DIST_PTB.inst at time              3525100 ns: 
Reading from out-of-range address. Max address in tb.UUT_0.waveform_acq_gen[5].WFM_ACQ.WVB.PTB.genblk1.DIST_PTB.inst is          31
WARNING in tb.UUT_0.waveform_acq_gen[6].WFM_ACQ.WVB.PTB.genblk1.DIST_PTB.inst at time              3525100 ns: 
Reading from out-of-range address. Max address in tb.UUT_0.waveform_acq_gen[6].WFM_ACQ.WVB.PTB.genblk1.DIST_PTB.inst is          31
WARNING in tb.UUT_0.waveform_acq_gen[7].WFM_ACQ.WVB.PTB.genblk1.DIST_PTB.inst at time              3525100 ns: 
Reading from out-of-range address. Max address in tb.UUT_0.waveform_acq_gen[7].WFM_ACQ.WVB.PTB.genblk1.DIST_PTB.inst is          31
WARNING in tb.UUT_0.waveform_acq_gen[8].WFM_ACQ.WVB.PTB.genblk1.DIST_PTB.inst at time              3525100 ns: 
Reading from out-of-range address. Max address in tb.UUT_0.waveform_acq_gen[8].WFM_ACQ.WVB.PTB.genblk1.DIST_PTB.inst is          31
WARNING in tb.UUT_0.waveform_acq_gen[9].WFM_ACQ.WVB.PTB.genblk1.DIST_PTB.inst at time              3525100 ns: 
Reading from out-of-range address. Max address in tb.UUT_0.waveform_acq_gen[9].WFM_ACQ.WVB.PTB.genblk1.DIST_PTB.inst is          31
WARNING in tb.UUT_0.waveform_acq_gen[10].WFM_ACQ.WVB.PTB.genblk1.DIST_PTB.inst at time              3525100 ns: 
Reading from out-of-range address. Max address in tb.UUT_0.waveform_acq_gen[10].WFM_ACQ.WVB.PTB.genblk1.DIST_PTB.inst is          31
WARNING in tb.UUT_0.waveform_acq_gen[11].WFM_ACQ.WVB.PTB.genblk1.DIST_PTB.inst at time              3525100 ns: 
Reading from out-of-range address. Max address in tb.UUT_0.waveform_acq_gen[11].WFM_ACQ.WVB.PTB.genblk1.DIST_PTB.inst is          31
WARNING in tb.UUT_0.waveform_acq_gen[12].WFM_ACQ.WVB.PTB.genblk1.DIST_PTB.inst at time              3525100 ns: 
Reading from out-of-range address. Max address in tb.UUT_0.waveform_acq_gen[12].WFM_ACQ.WVB.PTB.genblk1.DIST_PTB.inst is          31
WARNING in tb.UUT_0.waveform_acq_gen[13].WFM_ACQ.WVB.PTB.genblk1.DIST_PTB.inst at time              3525100 ns: 
Reading from out-of-range address. Max address in tb.UUT_0.waveform_acq_gen[13].WFM_ACQ.WVB.PTB.genblk1.DIST_PTB.inst is          31
WARNING in tb.UUT_0.waveform_acq_gen[14].WFM_ACQ.WVB.PTB.genblk1.DIST_PTB.inst at time              3525100 ns: 
Reading from out-of-range address. Max address in tb.UUT_0.waveform_acq_gen[14].WFM_ACQ.WVB.PTB.genblk1.DIST_PTB.inst is          31
WARNING in tb.UUT_0.waveform_acq_gen[15].WFM_ACQ.WVB.PTB.genblk1.DIST_PTB.inst at time              3525100 ns: 
Reading from out-of-range address. Max address in tb.UUT_0.waveform_acq_gen[15].WFM_ACQ.WVB.PTB.genblk1.DIST_PTB.inst is          31
WARNING in tb.UUT_0.waveform_acq_gen[16].WFM_ACQ.WVB.PTB.genblk1.DIST_PTB.inst at time              3525100 ns: 
Reading from out-of-range address. Max address in tb.UUT_0.waveform_acq_gen[16].WFM_ACQ.WVB.PTB.genblk1.DIST_PTB.inst is          31
WARNING in tb.UUT_0.waveform_acq_gen[17].WFM_ACQ.WVB.PTB.genblk1.DIST_PTB.inst at time              3525100 ns: 
Reading from out-of-range address. Max address in tb.UUT_0.waveform_acq_gen[17].WFM_ACQ.WVB.PTB.genblk1.DIST_PTB.inst is          31
WARNING in tb.UUT_0.waveform_acq_gen[18].WFM_ACQ.WVB.PTB.genblk1.DIST_PTB.inst at time              3525100 ns: 
Reading from out-of-range address. Max address in tb.UUT_0.waveform_acq_gen[18].WFM_ACQ.WVB.PTB.genblk1.DIST_PTB.inst is          31
WARNING in tb.UUT_0.waveform_acq_gen[19].WFM_ACQ.WVB.PTB.genblk1.DIST_PTB.inst at time              3525100 ns: 
Reading from out-of-range address. Max address in tb.UUT_0.waveform_acq_gen[19].WFM_ACQ.WVB.PTB.genblk1.DIST_PTB.inst is          31
WARNING in tb.UUT_0.waveform_acq_gen[20].WFM_ACQ.WVB.PTB.genblk1.DIST_PTB.inst at time              3525100 ns: 
Reading from out-of-range address. Max address in tb.UUT_0.waveform_acq_gen[20].WFM_ACQ.WVB.PTB.genblk1.DIST_PTB.inst is          31
WARNING in tb.UUT_0.waveform_acq_gen[21].WFM_ACQ.WVB.PTB.genblk1.DIST_PTB.inst at time              3525100 ns: 
Reading from out-of-range address. Max address in tb.UUT_0.waveform_acq_gen[21].WFM_ACQ.WVB.PTB.genblk1.DIST_PTB.inst is          31
WARNING in tb.UUT_0.waveform_acq_gen[22].WFM_ACQ.WVB.PTB.genblk1.DIST_PTB.inst at time              3525100 ns: 
Reading from out-of-range address. Max address in tb.UUT_0.waveform_acq_gen[22].WFM_ACQ.WVB.PTB.genblk1.DIST_PTB.inst is          31
WARNING in tb.UUT_0.waveform_acq_gen[23].WFM_ACQ.WVB.PTB.genblk1.DIST_PTB.inst at time              3525100 ns: 
Reading from out-of-range address. Max address in tb.UUT_0.waveform_acq_gen[23].WFM_ACQ.WVB.PTB.genblk1.DIST_PTB.inst is          31
WARNING in tb.UUT_0.waveform_acq_gen[0].WFM_ACQ.ROLLING_BSUM.sample_buffer.inst at time              3541766 ns: 
Reading from out-of-range address. Max address in tb.UUT_0.waveform_acq_gen[0].WFM_ACQ.ROLLING_BSUM.sample_buffer.inst is         127
WARNING in tb.UUT_0.waveform_acq_gen[1].WFM_ACQ.ROLLING_BSUM.sample_buffer.inst at time              3541766 ns: 
Reading from out-of-range address. Max address in tb.UUT_0.waveform_acq_gen[1].WFM_ACQ.ROLLING_BSUM.sample_buffer.inst is         127
WARNING in tb.UUT_0.waveform_acq_gen[2].WFM_ACQ.ROLLING_BSUM.sample_buffer.inst at time              3541766 ns: 
Reading from out-of-range address. Max address in tb.UUT_0.waveform_acq_gen[2].WFM_ACQ.ROLLING_BSUM.sample_buffer.inst is         127
WARNING in tb.UUT_0.waveform_acq_gen[3].WFM_ACQ.ROLLING_BSUM.sample_buffer.inst at time              3541766 ns: 
Reading from out-of-range address. Max address in tb.UUT_0.waveform_acq_gen[3].WFM_ACQ.ROLLING_BSUM.sample_buffer.inst is         127
WARNING in tb.UUT_0.waveform_acq_gen[4].WFM_ACQ.ROLLING_BSUM.sample_buffer.inst at time              3541766 ns: 
Reading from out-of-range address. Max address in tb.UUT_0.waveform_acq_gen[4].WFM_ACQ.ROLLING_BSUM.sample_buffer.inst is         127
WARNING in tb.UUT_0.waveform_acq_gen[5].WFM_ACQ.ROLLING_BSUM.sample_buffer.inst at time              3541766 ns: 
Reading from out-of-range address. Max address in tb.UUT_0.waveform_acq_gen[5].WFM_ACQ.ROLLING_BSUM.sample_buffer.inst is         127
WARNING in tb.UUT_0.waveform_acq_gen[6].WFM_ACQ.ROLLING_BSUM.sample_buffer.inst at time              3541766 ns: 
Reading from out-of-range address. Max address in tb.UUT_0.waveform_acq_gen[6].WFM_ACQ.ROLLING_BSUM.sample_buffer.inst is         127
WARNING in tb.UUT_0.waveform_acq_gen[7].WFM_ACQ.ROLLING_BSUM.sample_buffer.inst at time              3541766 ns: 
Reading from out-of-range address. Max address in tb.UUT_0.waveform_acq_gen[7].WFM_ACQ.ROLLING_BSUM.sample_buffer.inst is         127
WARNING in tb.UUT_0.waveform_acq_gen[8].WFM_ACQ.ROLLING_BSUM.sample_buffer.inst at time              3541766 ns: 
Reading from out-of-range address. Max address in tb.UUT_0.waveform_acq_gen[8].WFM_ACQ.ROLLING_BSUM.sample_buffer.inst is         127
WARNING in tb.UUT_0.waveform_acq_gen[9].WFM_ACQ.ROLLING_BSUM.sample_buffer.inst at time              3541766 ns: 
Reading from out-of-range address. Max address in tb.UUT_0.waveform_acq_gen[9].WFM_ACQ.ROLLING_BSUM.sample_buffer.inst is         127
WARNING in tb.UUT_0.waveform_acq_gen[10].WFM_ACQ.ROLLING_BSUM.sample_buffer.inst at time              3541766 ns: 
Reading from out-of-range address. Max address in tb.UUT_0.waveform_acq_gen[10].WFM_ACQ.ROLLING_BSUM.sample_buffer.inst is         127
WARNING in tb.UUT_0.waveform_acq_gen[11].WFM_ACQ.ROLLING_BSUM.sample_buffer.inst at time              3541766 ns: 
Reading from out-of-range address. Max address in tb.UUT_0.waveform_acq_gen[11].WFM_ACQ.ROLLING_BSUM.sample_buffer.inst is         127
WARNING in tb.UUT_0.waveform_acq_gen[12].WFM_ACQ.ROLLING_BSUM.sample_buffer.inst at time              3541766 ns: 
Reading from out-of-range address. Max address in tb.UUT_0.waveform_acq_gen[12].WFM_ACQ.ROLLING_BSUM.sample_buffer.inst is         127
WARNING in tb.UUT_0.waveform_acq_gen[13].WFM_ACQ.ROLLING_BSUM.sample_buffer.inst at time              3541766 ns: 
Reading from out-of-range address. Max address in tb.UUT_0.waveform_acq_gen[13].WFM_ACQ.ROLLING_BSUM.sample_buffer.inst is         127
WARNING in tb.UUT_0.waveform_acq_gen[14].WFM_ACQ.ROLLING_BSUM.sample_buffer.inst at time              3541766 ns: 
Reading from out-of-range address. Max address in tb.UUT_0.waveform_acq_gen[14].WFM_ACQ.ROLLING_BSUM.sample_buffer.inst is         127
WARNING in tb.UUT_0.waveform_acq_gen[15].WFM_ACQ.ROLLING_BSUM.sample_buffer.inst at time              3541766 ns: 
Reading from out-of-range address. Max address in tb.UUT_0.waveform_acq_gen[15].WFM_ACQ.ROLLING_BSUM.sample_buffer.inst is         127
WARNING in tb.UUT_0.waveform_acq_gen[16].WFM_ACQ.ROLLING_BSUM.sample_buffer.inst at time              3541766 ns: 
Reading from out-of-range address. Max address in tb.UUT_0.waveform_acq_gen[16].WFM_ACQ.ROLLING_BSUM.sample_buffer.inst is         127
WARNING in tb.UUT_0.waveform_acq_gen[17].WFM_ACQ.ROLLING_BSUM.sample_buffer.inst at time              3541766 ns: 
Reading from out-of-range address. Max address in tb.UUT_0.waveform_acq_gen[17].WFM_ACQ.ROLLING_BSUM.sample_buffer.inst is         127
WARNING in tb.UUT_0.waveform_acq_gen[18].WFM_ACQ.ROLLING_BSUM.sample_buffer.inst at time              3541766 ns: 
Reading from out-of-range address. Max address in tb.UUT_0.waveform_acq_gen[18].WFM_ACQ.ROLLING_BSUM.sample_buffer.inst is         127
WARNING in tb.UUT_0.waveform_acq_gen[19].WFM_ACQ.ROLLING_BSUM.sample_buffer.inst at time              3541766 ns: 
Reading from out-of-range address. Max address in tb.UUT_0.waveform_acq_gen[19].WFM_ACQ.ROLLING_BSUM.sample_buffer.inst is         127
WARNING in tb.UUT_0.waveform_acq_gen[20].WFM_ACQ.ROLLING_BSUM.sample_buffer.inst at time              3541766 ns: 
Reading from out-of-range address. Max address in tb.UUT_0.waveform_acq_gen[20].WFM_ACQ.ROLLING_BSUM.sample_buffer.inst is         127
WARNING in tb.UUT_0.waveform_acq_gen[21].WFM_ACQ.ROLLING_BSUM.sample_buffer.inst at time              3541766 ns: 
Reading from out-of-range address. Max address in tb.UUT_0.waveform_acq_gen[21].WFM_ACQ.ROLLING_BSUM.sample_buffer.inst is         127
WARNING in tb.UUT_0.waveform_acq_gen[22].WFM_ACQ.ROLLING_BSUM.sample_buffer.inst at time              3541766 ns: 
Reading from out-of-range address. Max address in tb.UUT_0.waveform_acq_gen[22].WFM_ACQ.ROLLING_BSUM.sample_buffer.inst is         127
WARNING in tb.UUT_0.waveform_acq_gen[23].WFM_ACQ.ROLLING_BSUM.sample_buffer.inst at time              3541766 ns: 
Reading from out-of-range address. Max address in tb.UUT_0.waveform_acq_gen[23].WFM_ACQ.ROLLING_BSUM.sample_buffer.inst is         127
Reading the FW_VNUM reg
Enable the WVB Reader
Enable the WVB Reader
